<?xml version="1.0" encoding="utf-8"?><testsuites name="pytest tests"><testsuite name="pytest" errors="0" failures="0" skipped="0" tests="10" time="50.529" timestamp="2026-07-22T17:28:19.636056+00:00" hostname="agent-env-f38528a7-fb55-4fde-95ad-386468e0d3a7"><testcase classname="tests.test_iter83_p0_p1_p2.TestP0ProtectiveExitToggles" name="test_all_four_toggles_persist_false" time="0.995" /><testcase classname="tests.test_iter83_p0_p1_p2.TestP0ProtectiveExitToggles" name="test_toggles_flip_back_to_true" time="0.210" /><testcase classname="tests.test_iter83_p0_p1_p2.TestP0PerStrategyOverrides" name="test_profile_overrides_carry_regime_and_method" time="0.204" /><testcase classname="tests.test_iter83_p0_p1_p2.TestP0PerStrategyOverrides" name="test_clear_profile_overrides" time="0.183" /><testcase classname="tests.test_iter83_p0_p1_p2.TestP1DirectImport" name="test_import_direct_json_no_ai" time="0.114" /><testcase classname="tests.test_iter83_p0_p1_p2.TestP1DirectImport" name="test_import_direct_rejects_empty" time="0.091" /><testcase classname="tests.test_iter83_p0_p1_p2.TestP1DirectImport" name="test_import_direct_rejects_bad_json" time="0.099" /><testcase classname="tests.test_iter83_p0_p1_p2.TestP2CloneAndLab" name="test_clone_appears_in_registry" time="0.216" /><testcase classname="tests.test_iter83_p0_p1_p2.TestP2CloneAndLab" name="test_lab_backtest_non_zero_trades" time="46.948" /><testcase classname="tests.test_iter83_p0_p1_p2.TestP2CloneAndLab" name="test_delete_removes_from_registry" time="1.447" /></testsuite></testsuites>