<?xml version="1.0" encoding="utf-8"?><testsuites name="pytest tests"><testsuite name="pytest" errors="0" failures="0" skipped="0" tests="6" time="1.835" timestamp="2026-07-11T15:57:08.452605+00:00" hostname="agent-env-f38528a7-fb55-4fde-95ad-386468e0d3a7"><testcase classname="tests.test_iter47_access_signup.TestSignupAccessRequest" name="test_signup_payload_success" time="0.155" /><testcase classname="tests.test_iter47_access_signup.TestSignupAccessRequest" name="test_signup_idempotent_second_submit" time="0.253" /><testcase classname="tests.test_iter47_access_signup.TestSignupAccessRequest" name="test_signup_rejects_bad_email" time="0.288" /><testcase classname="tests.test_iter47_access_signup.TestSignupAccessRequest" name="test_signup_rejects_empty_name" time="0.123" /><testcase classname="tests.test_iter47_access_signup.TestSignupAccessRequest" name="test_signup_response_time_reasonable" time="0.489" /><testcase classname="tests.test_iter47_access_signup.TestCleanupSignupLeads" name="test_reject_all_iter47_leads" time="0.498" /></testsuite></testsuites>