<?xml version="1.0" encoding="utf-8"?><testsuites name="pytest tests"><testsuite name="pytest" errors="0" failures="0" skipped="0" tests="3" time="1.055" timestamp="2026-07-17T18:07:03.261919+00:00" hostname="agent-env-f38528a7-fb55-4fde-95ad-386468e0d3a7"><testcase classname="tests.test_iter58_exit_engine.TestSettingsDefaults" name="test_get_settings_new_defaults" time="0.604" /><testcase classname="tests.test_iter58_exit_engine.TestSettingsDefaults" name="test_put_settings_persists_new_fields" time="0.430" /><testcase classname="tests.test_iter58_exit_engine.TestRegimeRouter" name="test_router_module_direct" time="0.002" /></testsuite></testsuites>