<?xml version="1.0" encoding="utf-8"?><testsuites name="pytest tests"><testsuite name="pytest" errors="0" failures="0" skipped="0" tests="18" time="11.363" timestamp="2026-07-11T08:40:19.283617+00:00" hostname="agent-env-f38528a7-fb55-4fde-95ad-386468e0d3a7"><testcase classname="tests.test_iter40_manual_order_and_ask_ananta.TestManualOrders" name="test_owner_required_public_403" time="0.918" /><testcase classname="tests.test_iter40_manual_order_and_ask_ananta.TestManualOrders" name="test_buy_paper_market_notional" time="1.543" /><testcase classname="tests.test_iter40_manual_order_and_ask_ananta.TestManualOrders" name="test_limit_buy_below_market_rests" time="0.168" /><testcase classname="tests.test_iter40_manual_order_and_ask_ananta.TestManualOrders" name="test_sell_paper_market_fraction" time="0.126" /><testcase classname="tests.test_iter40_manual_order_and_ask_ananta.TestManualOrders" name="test_sell_no_position_404" time="0.054" /><testcase classname="tests.test_iter40_manual_order_and_ask_ananta.TestManualOrders" name="test_bad_side_400" time="0.041" /><testcase classname="tests.test_iter40_manual_order_and_ask_ananta.TestManualOrders" name="test_buy_missing_amount_400" time="0.042" /><testcase classname="tests.test_iter40_manual_order_and_ask_ananta.TestManualOrders" name="test_symbol_not_enabled_400" time="0.079" /><testcase classname="tests.test_iter40_manual_order_and_ask_ananta.TestAskAnantaToggle" name="test_toggle_true_persists" time="0.083" /><testcase classname="tests.test_iter40_manual_order_and_ask_ananta.TestAskAnantaToggle" name="test_toggle_false_persists" time="0.083" /><testcase classname="tests.test_iter40_manual_order_and_ask_ananta.TestStrategyStateToggle" name="test_disable_then_enable" time="0.133" /><testcase classname="tests.test_iter41_ask_ananta.TestAskAnantaEndpoint" name="test_public_forbidden" time="0.380" /><testcase classname="tests.test_iter41_ask_ananta.TestAskAnantaEndpoint" name="test_disabled_returns_403" time="0.133" /><testcase classname="tests.test_iter41_ask_ananta.TestAskAnantaEndpoint" name="test_empty_question_400" time="0.086" /><testcase classname="tests.test_iter41_ask_ananta.TestAskAnantaEndpoint" name="test_pause_hunter_yields_strategy_disable_action" time="5.040" /><testcase classname="tests.test_iter41_ask_ananta.TestSettingsToggleRegression" name="test_ask_ananta_toggle_persists" time="0.168" /><testcase classname="tests.test_iter41_ask_ananta.TestStrategyStateRegression" name="test_disable_then_enable" time="0.138" /><testcase classname="tests.test_iter41_ask_ananta.TestManualOrderRegression" name="test_paper_mode_and_buy_sell" time="2.107" /></testsuite></testsuites>