<?xml version="1.0" encoding="utf-8"?><testsuites name="pytest tests"><testsuite name="pytest" errors="0" failures="0" skipped="0" tests="9" time="8.348" timestamp="2026-07-09T18:55:34.947971+00:00" hostname="agent-env-f38528a7-fb55-4fde-95ad-386468e0d3a7"><testcase classname="tests.test_iter37_per_strategy_configs_http.TestActivateContract" name="test_activate_returns_applied_and_ignored" time="1.866" /><testcase classname="tests.test_iter37_per_strategy_configs_http.TestActivateContract" name="test_effective_reports_using_config_after_activate" time="0.149" /><testcase classname="tests.test_iter37_per_strategy_configs_http.TestActivateContract" name="test_metrics_exposes_active_config" time="0.100" /><testcase classname="tests.test_iter37_per_strategy_configs_http.TestActivateContract" name="test_cycle_run_btc_with_active_config" time="4.826" /><testcase classname="tests.test_iter37_per_strategy_configs_http.TestActivateContract" name="test_deactivate_reverts" time="0.225" /><testcase classname="tests.test_iter37_per_strategy_configs_http.TestValidationGate" name="test_activate_blocked_when_not_validated" time="0.226" /><testcase classname="tests.test_iter37_per_strategy_configs_http.TestRouteOrdering" name="test_effective_route_reachable_for_arbitrary_key" time="0.095" /><testcase classname="tests.test_iter37_per_strategy_configs_http.TestRouteOrdering" name="test_effective_for_squeeze" time="0.097" /><testcase classname="tests.test_iter37_per_strategy_configs_http.TestRouteOrdering" name="test_deactivate_owner_gated" time="0.721" /></testsuite></testsuites>