<?xml version="1.0" encoding="utf-8"?><testsuites name="pytest tests"><testsuite name="pytest" errors="0" failures="0" skipped="0" tests="8" time="6.437" timestamp="2026-07-29T18:01:34.644399+00:00" hostname="agent-env-f38528a7-fb55-4fde-95ad-386468e0d3a7"><testcase classname="tests.test_iter90_account_profile.TestLogin" name="test_login_owner" time="1.063" /><testcase classname="tests.test_iter90_account_profile.TestProfile" name="test_get_profile" time="0.673" /><testcase classname="tests.test_iter90_account_profile.TestProfile" name="test_patch_display_name_persists" time="0.975" /><testcase classname="tests.test_iter90_account_profile.TestChangePassword" name="test_wrong_current_returns_400" time="0.351" /><testcase classname="tests.test_iter90_account_profile.TestChangePassword" name="test_happy_path_then_revert" time="2.081" /><testcase classname="tests.test_iter90_account_profile.TestChangeEmailNegative" name="test_invalid_email_returns_400" time="0.469" /><testcase classname="tests.test_iter90_account_profile.TestChangeEmailNegative" name="test_wrong_password_returns_400" time="0.437" /><testcase classname="tests.test_iter90_account_profile.TestOwnerCredsIntact" name="test_final_login_still_works" time="0.345" /></testsuite></testsuites>