<?xml version="1.0" encoding="utf-8"?><testsuites name="pytest tests"><testsuite name="pytest" errors="0" failures="0" skipped="0" tests="5" time="63.523" timestamp="2026-07-20T14:37:44.858591+00:00" hostname="agent-env-f38528a7-fb55-4fde-95ad-386468e0d3a7"><testcase classname="tests.test_lab_live_entry_gates" name="test_A_baseline_analytical_contains_trend_up" time="16.007" /><testcase classname="tests.test_lab_live_entry_gates" name="test_B_live_gated_run_excludes_trend_up" time="15.380" /><testcase classname="tests.test_lab_live_entry_gates" name="test_C_gated_run_has_fewer_or_equal_trades_than_baseline" time="31.495" /><testcase classname="tests.test_lab_live_entry_gates" name="test_D_pdf_live_run_shows_yes_and_regimes" time="0.103" /><testcase classname="tests.test_lab_live_entry_gates" name="test_E_pdf_manual_run_shows_analytical_marker" time="0.067" /></testsuite></testsuites>