<?xml version="1.0" encoding="utf-8"?><testsuites name="pytest tests"><testsuite name="pytest" errors="0" failures="0" skipped="0" tests="7" time="10.444" timestamp="2026-07-10T19:39:48.554883+00:00" hostname="agent-env-f38528a7-fb55-4fde-95ad-386468e0d3a7"><testcase classname="tests.test_iter41_ask_ananta.TestAskAnantaEndpoint" name="test_public_forbidden" time="1.530" /><testcase classname="tests.test_iter41_ask_ananta.TestAskAnantaEndpoint" name="test_disabled_returns_403" time="0.649" /><testcase classname="tests.test_iter41_ask_ananta.TestAskAnantaEndpoint" name="test_empty_question_400" time="0.282" /><testcase classname="tests.test_iter41_ask_ananta.TestAskAnantaEndpoint" name="test_pause_hunter_yields_strategy_disable_action" time="5.526" /><testcase classname="tests.test_iter41_ask_ananta.TestSettingsToggleRegression" name="test_ask_ananta_toggle_persists" time="0.176" /><testcase classname="tests.test_iter41_ask_ananta.TestStrategyStateRegression" name="test_disable_then_enable" time="0.144" /><testcase classname="tests.test_iter41_ask_ananta.TestManualOrderRegression" name="test_paper_mode_and_buy_sell" time="2.099" /></testsuite></testsuites>