<?xml version="1.0" encoding="utf-8"?><testsuites name="pytest tests"><testsuite name="pytest" errors="0" failures="0" skipped="0" tests="5" time="1.350" timestamp="2026-07-19T00:48:07.971426+00:00" hostname="agent-env-f38528a7-fb55-4fde-95ad-386468e0d3a7"><testcase classname="tests.test_iter65_library_clone.TestLibraryClone" name="test_clone_rule_based_success" time="0.851" /><testcase classname="tests.test_iter65_library_clone.TestLibraryClone" name="test_clone_core_strategy_400" time="0.115" /><testcase classname="tests.test_iter65_library_clone.TestLibraryClone" name="test_clone_missing_strategy_404" time="0.109" /><testcase classname="tests.test_iter65_library_clone.TestLibraryClone" name="test_clone_unauthenticated_forbidden" time="0.072" /><testcase classname="tests.test_iter65_library_clone.TestLibraryClone" name="test_clone_with_custom_name" time="0.182" /></testsuite></testsuites>