<?xml version="1.0" encoding="utf-8"?><testsuites name="pytest tests"><testsuite name="pytest" errors="0" failures="0" skipped="0" tests="34" time="30.968" timestamp="2026-07-09T16:42:07.530221+00:00" hostname="agent-env-f38528a7-fb55-4fde-95ad-386468e0d3a7"><testcase classname="tests.test_iter34_library_p1.TestLibraryCatalog" name="test_library_has_16_strategies" time="1.823" /><testcase classname="tests.test_iter34_library_p1.TestLibraryCatalog" name="test_library_facets_contract" time="0.219" /><testcase classname="tests.test_iter34_library_p1.TestLibraryCatalog" name="test_library_detail_by_id" time="0.208" /><testcase classname="tests.test_iter34_library_p1.TestLibraryCatalog" name="test_library_detail_404" time="0.094" /><testcase classname="tests.test_iter34_library_p1.TestLibraryCatalog" name="test_search_q_filters" time="0.110" /><testcase classname="tests.test_iter34_library_p1.TestLibraryCatalog" name="test_filter_risk_multi_select" time="0.104" /><testcase classname="tests.test_iter34_library_p1.TestLibraryCatalog" name="test_filter_ai_grade" time="0.091" /><testcase classname="tests.test_iter34_library_p1.TestLibraryCatalog" name="test_filter_min_health" time="0.113" /><testcase classname="tests.test_iter34_library_p1.TestLibraryCatalog" name="test_chip_top_internal" time="0.110" /><testcase classname="tests.test_iter34_library_p1.TestLibraryCatalog" name="test_chip_top_rated" time="0.141" /><testcase classname="tests.test_iter34_library_p1.TestLibraryCatalog" name="test_chip_healthiest" time="0.154" /><testcase classname="tests.test_iter34_library_p1.TestLibraryCatalog" name="test_chip_trending" time="0.195" /><testcase classname="tests.test_iter34_library_p1.TestLibraryFavorite" name="test_favorite_requires_owner" time="0.290" /><testcase classname="tests.test_iter34_library_p1.TestLibraryFavorite" name="test_favorite_toggle_and_filter" time="1.790" /><testcase classname="tests.test_iter34_library_p1.TestLibraryAIGrade" name="test_ai_grade_requires_owner" time="0.218" /><testcase classname="tests.test_iter34_library_p1.TestLeaderboardSort" name="test_leaderboard_sort_returns_200[net_pnl]" time="0.116" /><testcase classname="tests.test_iter34_library_p1.TestLeaderboardSort" name="test_leaderboard_sort_returns_200[roi]" time="0.104" /><testcase classname="tests.test_iter34_library_p1.TestLeaderboardSort" name="test_leaderboard_sort_returns_200[win_rate]" time="0.101" /><testcase classname="tests.test_iter34_library_p1.TestLeaderboardSort" name="test_leaderboard_sort_returns_200[ai_health_score]" time="0.123" /><testcase classname="tests.test_iter34_library_p1.TestLeaderboardSort" name="test_leaderboard_sort_returns_200[sharpe]" time="0.100" /><testcase classname="tests.test_iter34_library_p1.TestLeaderboardSort" name="test_leaderboard_sort_returns_200[sortino]" time="0.098" /><testcase classname="tests.test_iter34_library_p1.TestLeaderboardSort" name="test_leaderboard_sort_returns_200[profit_factor]" time="0.109" /><testcase classname="tests.test_iter34_library_p1.TestLeaderboardSort" name="test_leaderboard_sort_returns_200[max_drawdown]" time="0.100" /><testcase classname="tests.test_iter34_library_p1.TestLeaderboardSort" name="test_leaderboard_sort_returns_200[avg_trade]" time="0.110" /><testcase classname="tests.test_iter34_library_p1.TestLeaderboardSort" name="test_leaderboard_sort_returns_200[trades]" time="0.103" /><testcase classname="tests.test_iter34_library_p1.TestLeaderboardSort" name="test_leaderboard_sort_returns_200[rating]" time="0.102" /><testcase classname="tests.test_iter34_library_p1.TestLeaderboardSort" name="test_leaderboard_source_live" time="0.101" /><testcase classname="tests.test_iter34_library_p1.TestLeaderboardSort" name="test_leaderboard_source_library" time="0.102" /><testcase classname="tests.test_iter34_library_p1.TestLeaderboardSort" name="test_leaderboard_max_drawdown_asc" time="0.110" /><testcase classname="tests.test_iter34_library_p1.TestActiveWatchlist" name="test_watchlist_search_public" time="0.108" /><testcase classname="tests.test_iter34_library_p1.TestActiveWatchlist" name="test_watchlist_add_requires_owner" time="0.113" /><testcase classname="tests.test_iter34_library_p1.TestActiveWatchlist" name="test_watchlist_add_invalid_symbol_returns_400" time="1.235" /><testcase classname="tests.test_iter34_library_p1.TestActiveWatchlist" name="test_watchlist_add_and_remove_roundtrip" time="2.651" /><testcase classname="tests.test_iter34_library_p1.TestActiveWatchlist" name="test_watchlist_remove_keeps_at_least_one" time="19.652" /></testsuite></testsuites>