<?xml version="1.0" encoding="utf-8"?><testsuites name="pytest tests"><testsuite name="pytest" errors="0" failures="0" skipped="0" tests="5" time="132.320" timestamp="2026-07-12T14:00:02.275869+00:00" hostname="agent-env-f38528a7-fb55-4fde-95ad-386468e0d3a7"><testcase classname="tests.test_iter48_lab_backfill" name="test_lab_run_backtest_timeframes[15m]" time="68.491" /><testcase classname="tests.test_iter48_lab_backfill" name="test_lab_run_backtest_timeframes[30m]" time="43.827" /><testcase classname="tests.test_iter48_lab_backfill" name="test_lab_run_backtest_timeframes[1h]" time="19.007" /><testcase classname="tests.test_iter48_lab_backfill" name="test_public_report_full_pdf" time="0.779" /><testcase classname="tests.test_iter48_lab_backfill" name="test_public_report_trades_pdf" time="0.191" /></testsuite></testsuites>