<?xml version="1.0" encoding="utf-8"?><testsuites name="pytest tests"><testsuite name="pytest" errors="0" failures="0" skipped="0" tests="5" time="0.076" timestamp="2026-07-11T09:22:12.071809+00:00" hostname="agent-env-f38528a7-fb55-4fde-95ad-386468e0d3a7"><testcase classname="tests.test_iter43_imported_declarative" name="test_validate_spec_accepts_valid" time="0.000" /><testcase classname="tests.test_iter43_imported_declarative" name="test_validate_spec_rejects_unsupported_fn_and_op" time="0.000" /><testcase classname="tests.test_iter43_imported_declarative" name="test_validate_spec_flags_missing_params_and_empty_entry" time="0.000" /><testcase classname="tests.test_iter43_imported_declarative" name="test_validate_declarative_gates_on_ai_claim_and_engine" time="0.000" /><testcase classname="tests.test_iter43_imported_declarative" name="test_register_imported_gives_parity_and_executes" time="0.000" /></testsuite></testsuites>