<?xml version="1.0" encoding="utf-8"?><testsuites name="pytest tests"><testsuite name="pytest" errors="0" failures="0" skipped="0" tests="5" time="2.659" timestamp="2026-07-21T17:55:03.515948+00:00" hostname="agent-env-f38528a7-fb55-4fde-95ad-386468e0d3a7"><testcase classname="tests.test_iter81_exit_and_lab_pdf.TestExitOverridesRoundtrip" name="test_global_only" time="0.808" /><testcase classname="tests.test_iter81_exit_and_lab_pdf.TestExitOverridesRoundtrip" name="test_per_strategy_override_wins_over_global" time="0.257" /><testcase classname="tests.test_iter81_exit_and_lab_pdf.TestExitOverridesRoundtrip" name="test_per_coin_override_wins_over_strategy" time="0.247" /><testcase classname="tests.test_iter81_exit_and_lab_pdf.TestExitOverridesRoundtrip" name="test_plain_profile_tuning_without_method_stays_global" time="0.224" /><testcase classname="tests.test_iter81_exit_and_lab_pdf.TestLabBacktestPdf" name="test_done_run_pdf_has_new_sections_and_strategy_column" time="1.080" /></testsuite></testsuites>