<?xml version="1.0" encoding="utf-8"?><testsuites name="pytest tests"><testsuite name="pytest" errors="0" failures="0" skipped="0" tests="5" time="11.971" timestamp="2026-07-15T17:06:37.173515+00:00" hostname="agent-env-f38528a7-fb55-4fde-95ad-386468e0d3a7"><testcase classname="tests.test_iter57_launch_hardening.TestDemoPaperSetupSeedsHistory" name="test_demo_setup_seeds_realistic_history" time="10.464" /><testcase classname="tests.test_iter57_launch_hardening.TestOwnerPaperSetupNoSeed" name="test_owner_setup_is_fresh_book" time="0.683" /><testcase classname="tests.test_iter57_launch_hardening.TestAccessRequestEmail" name="test_public_access_request_ok" time="0.120" /><testcase classname="tests.test_iter57_launch_hardening.TestAccessDecisionEndpoint" name="test_approve_returns_ok_even_when_email_fails" time="0.357" /><testcase classname="tests.test_iter57_launch_hardening.TestAccessDecisionEndpoint" name="test_reject_returns_ok_even_when_email_fails" time="0.306" /></testsuite></testsuites>