<?xml version="1.0" encoding="utf-8"?><testsuites name="pytest tests"><testsuite name="pytest" errors="0" failures="0" skipped="0" tests="11" time="6.604" timestamp="2026-07-10T19:10:00.175490+00:00" hostname="agent-env-f38528a7-fb55-4fde-95ad-386468e0d3a7"><testcase classname="tests.test_iter40_manual_order_and_ask_ananta.TestManualOrders" name="test_owner_required_public_403" time="1.650" /><testcase classname="tests.test_iter40_manual_order_and_ask_ananta.TestManualOrders" name="test_buy_paper_market_notional" time="2.098" /><testcase classname="tests.test_iter40_manual_order_and_ask_ananta.TestManualOrders" name="test_limit_buy_below_market_rests" time="0.146" /><testcase classname="tests.test_iter40_manual_order_and_ask_ananta.TestManualOrders" name="test_sell_paper_market_fraction" time="2.111" /><testcase classname="tests.test_iter40_manual_order_and_ask_ananta.TestManualOrders" name="test_sell_no_position_404" time="0.054" /><testcase classname="tests.test_iter40_manual_order_and_ask_ananta.TestManualOrders" name="test_bad_side_400" time="0.046" /><testcase classname="tests.test_iter40_manual_order_and_ask_ananta.TestManualOrders" name="test_buy_missing_amount_400" time="0.052" /><testcase classname="tests.test_iter40_manual_order_and_ask_ananta.TestManualOrders" name="test_symbol_not_enabled_400" time="0.050" /><testcase classname="tests.test_iter40_manual_order_and_ask_ananta.TestAskAnantaToggle" name="test_toggle_true_persists" time="0.095" /><testcase classname="tests.test_iter40_manual_order_and_ask_ananta.TestAskAnantaToggle" name="test_toggle_false_persists" time="0.092" /><testcase classname="tests.test_iter40_manual_order_and_ask_ananta.TestStrategyStateToggle" name="test_disable_then_enable" time="0.164" /></testsuite></testsuites>