<?xml version="1.0" encoding="utf-8"?><testsuites name="pytest tests"><testsuite name="pytest" errors="0" failures="0" skipped="0" tests="12" time="24.139" timestamp="2026-07-11T12:03:06.930406+00:00" hostname="agent-env-f38528a7-fb55-4fde-95ad-386468e0d3a7"><testcase classname="tests.test_iter44_launch_hardening.TestImportAnalyzeHardening" name="test_empty_raw_content_returns_400_not_500" time="7.306" /><testcase classname="tests.test_iter44_launch_hardening.TestImportAnalyzeHardening" name="test_whitespace_only_returns_400" time="0.094" /><testcase classname="tests.test_iter44_launch_hardening.TestImportAnalyzeHardening" name="test_garbage_content_not_500" time="15.224" /><testcase classname="tests.test_iter44_launch_hardening.TestImportAnalyzeHardening" name="test_analyze_requires_owner" time="0.161" /><testcase classname="tests.test_iter44_launch_hardening.TestAuthErrorShape" name="test_bad_token_clean_json_401" time="0.097" /><testcase classname="tests.test_iter44_launch_hardening.TestAuthErrorShape" name="test_owner_only_mutation_without_token_is_clean_401_or_403" time="0.129" /><testcase classname="tests.test_iter44_launch_hardening.TestAskAnantaSettings" name="test_get_settings_has_ask_ananta_flag" time="0.131" /><testcase classname="tests.test_iter44_launch_hardening.TestAskAnantaSettings" name="test_toggle_persists" time="0.472" /><testcase classname="tests.test_iter44_launch_hardening.TestAskAnantaSettings" name="test_ask_when_disabled_is_blocked" time="0.181" /><testcase classname="tests.test_iter44_launch_hardening.TestP2ImportPipelineSmoke" name="test_import_formats_ok" time="0.105" /><testcase classname="tests.test_iter44_launch_hardening.TestP2ImportPipelineSmoke" name="test_import_detect_smoke" time="0.092" /><testcase classname="tests.test_iter44_launch_hardening.TestP2ImportPipelineSmoke" name="test_backtest_preview_bad_draft_id_is_clean_404_or_400" time="0.106" /></testsuite></testsuites>