<?xml version="1.0" encoding="utf-8"?><testsuites name="pytest tests"><testsuite name="pytest" errors="0" failures="0" skipped="0" tests="13" time="1.731" timestamp="2026-07-18T23:33:01.618653+00:00" hostname="agent-env-f38528a7-fb55-4fde-95ad-386468e0d3a7"><testcase classname="tests.test_lab_runs_history.TestOwnerGate" name="test_list_runs_public_forbidden" time="0.448" /><testcase classname="tests.test_lab_runs_history.TestOwnerGate" name="test_delete_run_public_forbidden" time="0.069" /><testcase classname="tests.test_lab_runs_history.TestOwnerGate" name="test_get_run_pdf_public_forbidden" time="0.130" /><testcase classname="tests.test_lab_runs_history.TestListRuns" name="test_list_runs_owner_ok" time="0.421" /><testcase classname="tests.test_lab_runs_history.TestListRuns" name="test_list_runs_default_limit_and_shape" time="0.049" /><testcase classname="tests.test_lab_runs_history.TestListRuns" name="test_list_runs_limit_max_cap" time="0.044" /><testcase classname="tests.test_lab_runs_history.TestListRuns" name="test_list_contains_non_health_validation_runs" time="0.048" /><testcase classname="tests.test_lab_runs_history.TestGetRun" name="test_get_run_not_found" time="0.047" /><testcase classname="tests.test_lab_runs_history.TestGetRun" name="test_get_run_ok" time="0.091" /><testcase classname="tests.test_lab_runs_history.TestRunPdf" name="test_pdf_not_found" time="0.049" /><testcase classname="tests.test_lab_runs_history.TestRunPdf" name="test_pdf_download_for_done_run" time="0.190" /><testcase classname="tests.test_lab_runs_history.TestDeleteRun" name="test_delete_missing_returns_404" time="0.045" /><testcase classname="tests.test_lab_runs_history.TestDeleteRun" name="test_delete_public_forbidden" time="0.074" /></testsuite></testsuites>