<?xml version="1.0" encoding="utf-8"?><testsuites name="pytest tests"><testsuite name="pytest" errors="0" failures="2" skipped="0" tests="15" time="2.533" timestamp="2026-07-09T11:48:05.600790+00:00" hostname="agent-env-f38528a7-fb55-4fde-95ad-386468e0d3a7"><testcase classname="tests.test_iter33_configs_engine" name="test_metrics_includes_active_config_id_field" time="0.878" /><testcase classname="tests.test_iter33_configs_engine" name="test_leaderboard_shape_and_sort" time="0.104" /><testcase classname="tests.test_iter33_configs_engine" name="test_export_returns_portable_blob" time="0.132" /><testcase classname="tests.test_iter33_configs_engine" name="test_export_missing_config_404" time="0.082" /><testcase classname="tests.test_iter33_configs_engine" name="test_import_requires_owner" time="0.082"><failure message="AssertionError: {&quot;config&quot;:{&quot;id&quot;:&quot;b049c5d5-f4d3-4d7e-998f-e65741ec2905&quot;,&quot;tenant_id&quot;:&quot;owner&quot;,&quot;strategy_key&quot;:&quot;hunter&quot;,&quot;strategy_version&quot;:&quot;1.0.0&quot;,&quot;name&quot;:&quot;Hunter · imported&quot;,&quot;params&quot;:{},&quot;parent_config_id&quot;:null,&quot;origin&quot;:&quot;imported&quot;,&quot;meta&quot;:{&quot;imported_at&quot;:&quot;2026-07-09T11:48:06.866159+00:00&quot;},&quot;rating&quot;:null,&quot;validation_status&quot;:&quot;unvalidated&quot;,&quot;created_at&quot;:&quot;2026-07-09T11:48:06.866195+00:00&quot;,&quot;updated_at&quot;:&quot;2026-07-09T11:48:06.866198+00:00&quot;},&quot;resolved_params&quot;:{&quot;rsi_reset_min&quot;:30.0,&quot;rsi_reset_max&quot;:35.0,&quot;vol_exhaustion_ratio_max&quot;:0.6,&quot;atr_zone_below_mult&quot;:0.3,&quot;atr_zone_above_mult&quot;:0.5,&quot;vcp_enabled&quot;:true,&quot;level_proximity_pct&quot;:1.5,&quot;level_min_touches&quot;:2,&quot;pullback_max_green_body_pct&quot;:1.5,&quot;structural_stop_buffer_pct&quot;:2.0,&quot;htf_trend_enabled&quot;:true,&quot;time_exit_hours&quot;:0,&quot;normal_lot_usd&quot;:75.0,&quot;max_concurrent_positions&quot;:8,&quot;max_spread_pct&quot;:0.5,&quot;exit_method&quot;:&quot;fixed&quot;,&quot;target_profit&quot;:5.0,&quot;target_loss&quot;:4.0,&quot;atr_multiplier&quot;:2.5,&quot;stop_loss_pct&quot;:10.0,&quot;trail_arm_pct&quot;:5.0,&quot;trail_distance_pct&quot;:3.0}}&#10;assert 200 in (401, 403)&#10; +  where 200 = &lt;Response [200]&gt;.status_code">tests/test_iter33_configs_engine.py:141: in test_import_requires_owner
    assert r.status_code in (401, 403), r.text
E   AssertionError: {"config":{"id":"b049c5d5-f4d3-4d7e-998f-e65741ec2905","tenant_id":"owner","strategy_key":"hunter","strategy_version":"1.0.0","name":"Hunter · imported","params":{},"parent_config_id":null,"origin":"imported","meta":{"imported_at":"2026-07-09T11:48:06.866159+00:00"},"rating":null,"validation_status":"unvalidated","created_at":"2026-07-09T11:48:06.866195+00:00","updated_at":"2026-07-09T11:48:06.866198+00:00"},"resolved_params":{"rsi_reset_min":30.0,"rsi_reset_max":35.0,"vol_exhaustion_ratio_max":0.6,"atr_zone_below_mult":0.3,"atr_zone_above_mult":0.5,"vcp_enabled":true,"level_proximity_pct":1.5,"level_min_touches":2,"pullback_max_green_body_pct":1.5,"structural_stop_buffer_pct":2.0,"htf_trend_enabled":true,"time_exit_hours":0,"normal_lot_usd":75.0,"max_concurrent_positions":8,"max_spread_pct":0.5,"exit_method":"fixed","target_profit":5.0,"target_loss":4.0,"atr_multiplier":2.5,"stop_loss_pct":10.0,"trail_arm_pct":5.0,"trail_distance_pct":3.0}}
E   assert 200 in (401, 403)
E    +  where 200 = &lt;Response [200]&gt;.status_code</failure></testcase><testcase classname="tests.test_iter33_configs_engine" name="test_import_flat_body_creates_config" time="0.092" /><testcase classname="tests.test_iter33_configs_engine" name="test_import_from_exported_blob_roundtrip" time="0.126" /><testcase classname="tests.test_iter33_configs_engine" name="test_import_rejects_unknown_param" time="0.046" /><testcase classname="tests.test_iter33_configs_engine" name="test_import_rejects_out_of_range" time="0.055" /><testcase classname="tests.test_iter33_configs_engine" name="test_import_rejects_unknown_strategy" time="0.043" /><testcase classname="tests.test_iter33_configs_engine" name="test_activate_requires_owner" time="0.049"><failure message="AssertionError: {&quot;activated&quot;:&quot;13a6468a-7765-4bc3-9b9e-3cb1d5759c05&quot;,&quot;strategy_key&quot;:&quot;hunter&quot;,&quot;applied&quot;:17,&quot;changes&quot;:[],&quot;note&quot;:&quot;Live RiskSettings updated from this config. The engine reads RiskSettings only.&quot;}&#10;assert 200 in (401, 403)&#10; +  where 200 = &lt;Response [200]&gt;.status_code">tests/test_iter33_configs_engine.py:203: in test_activate_requires_owner
    assert r.status_code in (401, 403), r.text
E   AssertionError: {"activated":"13a6468a-7765-4bc3-9b9e-3cb1d5759c05","strategy_key":"hunter","applied":17,"changes":[],"note":"Live RiskSettings updated from this config. The engine reads RiskSettings only."}
E   assert 200 in (401, 403)
E    +  where 200 = &lt;Response [200]&gt;.status_code</failure></testcase><testcase classname="tests.test_iter33_configs_engine" name="test_activate_rejects_unvalidated" time="0.135" /><testcase classname="tests.test_iter33_configs_engine" name="test_activate_applies_engine_backed_params_and_persists" time="0.230" /><testcase classname="tests.test_iter33_configs_engine" name="test_activate_missing_config_404" time="0.044" /><testcase classname="tests.test_iter33_configs_engine" name="test_settings_clamps_min_confidence" time="0.359" /></testsuite></testsuites>