<?xml version="1.0" encoding="utf-8"?><testsuites name="pytest tests"><testsuite name="pytest" errors="0" failures="0" skipped="0" tests="9" time="8.904" timestamp="2026-07-09T19:30:38.260555+00:00" hostname="agent-env-f38528a7-fb55-4fde-95ad-386468e0d3a7"><testcase classname="tests.test_iter38_declarative_engine_http" name="test_registry_has_11_including_declarative" time="0.179" /><testcase classname="tests.test_iter38_declarative_engine_http" name="test_ema_cross_schema" time="0.046" /><testcase classname="tests.test_iter38_declarative_engine_http" name="test_metrics_defaults" time="0.051" /><testcase classname="tests.test_iter38_declarative_engine_http" name="test_library_has_wireable_engine_keys" time="0.060" /><testcase classname="tests.test_iter38_declarative_engine_http" name="test_state_toggle_macd_trend" time="0.569" /><testcase classname="tests.test_iter38_declarative_engine_http" name="test_ema_cross_per_strategy_config_full_flow" time="0.499" /><testcase classname="tests.test_iter38_declarative_engine_http" name="test_cycle_run_btc_200" time="7.351" /><testcase classname="tests.test_iter38_declarative_engine_http" name="test_regression_strategy_import_endpoint" time="0.052" /><testcase classname="tests.test_iter38_declarative_engine_http" name="test_regression_configs_endpoint" time="0.050" /></testsuite></testsuites>