<?xml version="1.0" encoding="utf-8"?><testsuites name="pytest tests"><testsuite name="pytest" errors="0" failures="0" skipped="0" tests="5" time="119.908" timestamp="2026-07-17T19:02:35.659180+00:00" hostname="agent-env-f38528a7-fb55-4fde-95ad-386468e0d3a7"><testcase classname="tests.test_iter58_wiring_and_whatif.TestLibraryWiring" name="test_library_has_16_items_and_wired_flags" time="0.208" /><testcase classname="tests.test_iter58_wiring_and_whatif.TestRegistryAndMetrics" name="test_registry_includes_new_keys" time="0.065" /><testcase classname="tests.test_iter58_wiring_and_whatif.TestRegistryAndMetrics" name="test_metrics_includes_new_keys" time="0.060" /><testcase classname="tests.test_iter58_wiring_and_whatif.TestDeployPath" name="test_set_turtle_to_paper" time="0.384" /><testcase classname="tests.test_iter58_wiring_and_whatif.TestExitEngineWhatIf" name="test_lab_backtest_returns_topLevel_exit_comparison" time="119.170" /></testsuite></testsuites>