<?xml version="1.0" encoding="utf-8"?><testsuites name="pytest tests"><testsuite name="pytest" errors="0" failures="0" skipped="1" tests="10" time="16.174" timestamp="2026-07-09T20:26:34.139307+00:00" hostname="agent-env-f38528a7-fb55-4fde-95ad-386468e0d3a7"><testcase classname="tests.test_iter39_phase_b.TestLibraryBacktest" name="test_backtest_wireable_supertrend_returns_real_metrics" time="8.275" /><testcase classname="tests.test_iter39_phase_b.TestLibraryBacktest" name="test_backtest_persists_meta_on_library_doc" time="0.144" /><testcase classname="tests.test_iter39_phase_b.TestLibraryBacktest" name="test_backtest_non_wireable_returns_400" time="0.099"><skipped type="pytest.skip" message="no non-wireable library entry to test 400 path">/app/backend/tests/test_iter39_phase_b.py:118: no non-wireable library entry to test 400 path</skipped></testcase><testcase classname="tests.test_iter39_phase_b.TestLibraryBacktest" name="test_backtest_requires_owner" time="0.097" /><testcase classname="tests.test_iter39_phase_b.TestDeployToggle" name="test_enable_disabled_declarative_promotes_to_paper" time="0.207" /><testcase classname="tests.test_iter39_phase_b.TestDeployToggle" name="test_disable_via_status_flips_enabled_false" time="0.209" /><testcase classname="tests.test_iter39_phase_b.TestRegression" name="test_registry_has_11_strategies" time="0.105" /><testcase classname="tests.test_iter39_phase_b.TestRegression" name="test_metrics_returns_states_for_all" time="0.109" /><testcase classname="tests.test_iter39_phase_b.TestRegression" name="test_per_strategy_config_activate_deactivate_ema_cross" time="0.816" /><testcase classname="tests.test_iter39_phase_b.TestRegression" name="test_cycle_run_btc_returns_200" time="6.066" /></testsuite></testsuites>