<?xml version="1.0" encoding="utf-8"?><testsuites name="pytest tests"><testsuite name="pytest" errors="0" failures="0" skipped="0" tests="2" time="41.288" timestamp="2026-07-19T16:20:43.455307+00:00" hostname="agent-env-f38528a7-fb55-4fde-95ad-386468e0d3a7"><testcase classname="tests.test_use_live_exit_toggle" name="test_use_live_exit_true_sets_live_source" time="25.948" /><testcase classname="tests.test_use_live_exit_toggle" name="test_use_live_exit_false_is_manual" time="15.316" /></testsuite></testsuites>