<?xml version="1.0" encoding="utf-8"?><testsuites name="pytest tests"><testsuite name="pytest" errors="0" failures="0" skipped="0" tests="4" time="1.658" timestamp="2026-07-18T19:20:26.460758+00:00" hostname="agent-env-f38528a7-fb55-4fde-95ad-386468e0d3a7"><testcase classname="tests.test_iter60_promo_coming_soon" name="test_promo_get_initial_state_shape" time="0.391" /><testcase classname="tests.test_iter60_promo_coming_soon" name="test_promo_waitlist_post_then_get_persists" time="0.915" /><testcase classname="tests.test_iter60_promo_coming_soon" name="test_promo_waitlist_no_body_still_ok" time="0.102" /><testcase classname="tests.test_iter60_promo_coming_soon" name="test_promo_endpoints_not_auth_gated" time="0.224" /></testsuite></testsuites>