<?xml version="1.0" encoding="utf-8"?><testsuites name="pytest tests"><testsuite name="pytest" errors="0" failures="1" skipped="0" tests="12" time="11.035" timestamp="2026-07-08T17:42:56.368812+00:00" hostname="agent-env-f38528a7-fb55-4fde-95ad-386468e0d3a7"><testcase classname="tests.test_iter29_demo_coach.TestDemoEndpoints" name="test_demo_status_public" time="0.345" /><testcase classname="tests.test_iter29_demo_coach.TestDemoEndpoints" name="test_demo_load_requires_owner" time="0.192" /><testcase classname="tests.test_iter29_demo_coach.TestDemoEndpoints" name="test_demo_load_owner_seeds_curated_data" time="0.484" /><testcase classname="tests.test_iter29_demo_coach.TestDemoEndpoints" name="test_strategy_metrics_reflect_demo_profile" time="0.046"><failure message="AssertionError: empty metrics response: {'metrics': {'hunter': {'key': 'hunter', 'name': 'Hunter', 'category': None, 'status': 'LIVE', 'enabled': True, 'trades': 18, 'win_rate': 55.6, 'roi': 3.65, 'total_pnl': 43.81, 'stars': 5, 'confidence': 55, 'health': 78, 'health_breakdown': [{'key': 'win_rate', 'label': 'Win Rate', 'score': 56.0, 'detail': '55.6% of trades profitable'}, {'key': 'risk', 'label': 'Risk-Adjusted', 'score': 57.0, 'detail': 'ROI 3.65%'}, {'key': 'recent', 'label': 'Recent Form', 'score': 70.0, 'detail': 'last 10 trades'}, {'key': 'consistency', 'label': 'Consistency', 'score': 92.0, 'detail': 'per-trade return stability'}, {'key': 'sample', 'label': 'Sample Confidence', 'score': 90.0, 'detail': '18 closed trades'}, {'key': 'rating', 'label': 'Owner Rating', 'score': 100.0, 'detail': '5/5 stars'}], 'timeline': [{'key': 'created', 'label': 'Created', 'ts': '2026-06-14T17:42:57.326179+00:00', 'done': True, 'detail': 'Hunter registered'}, {'key': 'optimized', 'label': 'Last Optimized', 'ts': '2026-07-07T17:42:57.326179+00:00', 'done': True, 'detail': '2 saved config(s)'}, {'key': 'validated', 'label': 'Validation Passed', 'ts': None, 'done': True, 'detail': 'Walk-forward / backtest gate'}, {'key': 'paper', 'label': 'First Paper Trade', 'ts': '2026-06-10T18:44:00.962838+00:00', 'done': True, 'detail': 'Paper-traded live'}, {'key': 'live', 'label': 'Live Trading', 'ts': None, 'done': True, 'detail': 'Deployed to live'}, {'key': 'last_trade', 'label': 'Latest Trade', 'ts': '2026-07-02T14:53:35.257418+00:00', 'done': True, 'detail': '18 trades total'}], 'last_trade': '2026-07-02T14:53:35.257418+00:00', 'config_count': 2}, 'squeeze': {'key': 'squeeze', 'name': 'Volatility Squeeze', 'category': None, 'status': 'PAPER', 'enabled': True, 'trades': 14, 'win_rate': 50.0, 'roi': 0.68, 'total_pnl': 8.17, 'stars': 4, 'confidence': 50, 'health': 64, 'health_breakdown': [{'key': 'win_rate', 'label': 'Win Rate', 'score': 50.0, 'detail': '50.0% of trades profitable'}, {'key': 'risk', 'label': 'Risk-Adjusted', 'score': 51.0, 'detail': 'ROI 0.68%'}, {'key': 'recent', 'label': 'Recent Form', 'score': 40.0, 'detail': 'last 10 trades'}, {'key': 'consistency', 'label': 'Consistency', 'score': 93.0, 'detail': 'per-trade return stability'}, {'key': 'sample', 'label': 'Sample Confidence', 'score': 70.0, 'detail': '14 closed trades'}, {'key': 'rating', 'label': 'Owner Rating', 'score': 80.0, 'detail': '4/5 stars'}], 'timeline': [{'key': 'created', 'label': 'Created', 'ts': '2026-06-12T17:42:57.326179+00:00', 'done': True, 'detail': 'Volatility Squeeze registered'}, {'key': 'optimized', 'label': 'Last Optimized', 'ts': '2026-07-06T17:42:57.326179+00:00', 'done': True, 'detail': '2 saved config(s)'}, {'key': 'validated', 'label': 'Validation Passed', 'ts': None, 'done': True, 'detail': 'Walk-forward / backtest gate'}, {'key': 'paper', 'label': 'First Paper Trade', 'ts': '2026-06-11T21:00:21.819646+00:00', 'done': True, 'detail': 'Paper-traded live'}, {'key': 'live', 'label': 'Live Trading', 'ts': None, 'done': False, 'detail': 'Not deployed live'}, {'key': 'last_trade', 'label': 'Latest Trade', 'ts': '2026-07-03T10:19:51.717251+00:00', 'done': True, 'detail': '14 trades total'}], 'last_trade': '2026-07-03T10:19:51.717251+00:00', 'config_count': 2}, 'continuation': {'key': 'continuation', 'name': 'Continuation', 'category': None, 'status': 'DISABLED', 'enabled': False, 'trades': 10, 'win_rate': 40.0, 'roi': -0.79, 'total_pnl': -9.43, 'stars': 3, 'confidence': 40, 'health': 55, 'health_breakdown': [{'key': 'win_rate', 'label': 'Win Rate', 'score': 40.0, 'detail': '40.0% of trades profitable'}, {'key': 'risk', 'label': 'Risk-Adjusted', 'score': 48.0, 'detail': 'ROI -0.79%'}, {'key': 'recent', 'label': 'Recent Form', 'score': 40.0, 'detail': 'last 10 trades'}, {'key': 'consistency', 'label': 'Consistency', 'score': 94.0, 'detail': 'per-trade return stability'}, {'key': 'sample', 'label': 'Sample Confidence', 'score': 50.0, 'detail': '10 closed trades'}, {'key': 'rating', 'label': 'Owner Rating', 'score': 60.0, 'detail': '3/5 stars'}], 'timeline': [{'key': 'created', 'label': 'Created', 'ts': '2026-06-10T17:42:57.326179+00:00', 'done': True, 'detail': 'Continuation registered'}, {'key': 'optimized', 'label': 'Last Optimized', 'ts': '2026-06-30T17:42:57.326179+00:00', 'done': True, 'detail': '1 saved config(s)'}, {'key': 'validated', 'label': 'Validation Passed', 'ts': None, 'done': False, 'detail': 'Not yet validated'}, {'key': 'paper', 'label': 'First Paper Trade', 'ts': '2026-06-10T10:12:11.674120+00:00', 'done': True, 'detail': 'Paper-traded live'}, {'key': 'live', 'label': 'Live Trading', 'ts': None, 'done': False, 'detail': 'Not deployed live'}, {'key': 'last_trade', 'label': 'Latest Trade', 'ts': '2026-07-05T09:15:20.862007+00:00', 'done': True, 'detail': '10 trades total'}], 'last_trade': '2026-07-05T09:15:20.862007+00:00', 'config_count': 1}}}&#10;assert []">backend/tests/test_iter29_demo_coach.py:87: in test_strategy_metrics_reflect_demo_profile
    assert rows, f"empty metrics response: {j}"
E   AssertionError: empty metrics response: {'metrics': {'hunter': {'key': 'hunter', 'name': 'Hunter', 'category': None, 'status': 'LIVE', 'enabled': True, 'trades': 18, 'win_rate': 55.6, 'roi': 3.65, 'total_pnl': 43.81, 'stars': 5, 'confidence': 55, 'health': 78, 'health_breakdown': [{'key': 'win_rate', 'label': 'Win Rate', 'score': 56.0, 'detail': '55.6% of trades profitable'}, {'key': 'risk', 'label': 'Risk-Adjusted', 'score': 57.0, 'detail': 'ROI 3.65%'}, {'key': 'recent', 'label': 'Recent Form', 'score': 70.0, 'detail': 'last 10 trades'}, {'key': 'consistency', 'label': 'Consistency', 'score': 92.0, 'detail': 'per-trade return stability'}, {'key': 'sample', 'label': 'Sample Confidence', 'score': 90.0, 'detail': '18 closed trades'}, {'key': 'rating', 'label': 'Owner Rating', 'score': 100.0, 'detail': '5/5 stars'}], 'timeline': [{'key': 'created', 'label': 'Created', 'ts': '2026-06-14T17:42:57.326179+00:00', 'done': True, 'detail': 'Hunter registered'}, {'key': 'optimized', 'label': 'Last Optimized', 'ts': '2026-07-07T17:42:57.326179+00:00', 'done': True, 'detail': '2 saved config(s)'}, {'key': 'validated', 'label': 'Validation Passed', 'ts': None, 'done': True, 'detail': 'Walk-forward / backtest gate'}, {'key': 'paper', 'label': 'First Paper Trade', 'ts': '2026-06-10T18:44:00.962838+00:00', 'done': True, 'detail': 'Paper-traded live'}, {'key': 'live', 'label': 'Live Trading', 'ts': None, 'done': True, 'detail': 'Deployed to live'}, {'key': 'last_trade', 'label': 'Latest Trade', 'ts': '2026-07-02T14:53:35.257418+00:00', 'done': True, 'detail': '18 trades total'}], 'last_trade': '2026-07-02T14:53:35.257418+00:00', 'config_count': 2}, 'squeeze': {'key': 'squeeze', 'name': 'Volatility Squeeze', 'category': None, 'status': 'PAPER', 'enabled': True, 'trades': 14, 'win_rate': 50.0, 'roi': 0.68, 'total_pnl': 8.17, 'stars': 4, 'confidence': 50, 'health': 64, 'health_breakdown': [{'key': 'win_rate', 'label': 'Win Rate', 'score': 50.0, 'detail': '50.0% of trades profitable'}, {'key': 'risk', 'label': 'Risk-Adjusted', 'score': 51.0, 'detail': 'ROI 0.68%'}, {'key': 'recent', 'label': 'Recent Form', 'score': 40.0, 'detail': 'last 10 trades'}, {'key': 'consistency', 'label': 'Consistency', 'score': 93.0, 'detail': 'per-trade return stability'}, {'key': 'sample', 'label': 'Sample Confidence', 'score': 70.0, 'detail': '14 closed trades'}, {'key': 'rating', 'label': 'Owner Rating', 'score': 80.0, 'detail': '4/5 stars'}], 'timeline': [{'key': 'created', 'label': 'Created', 'ts': '2026-06-12T17:42:57.326179+00:00', 'done': True, 'detail': 'Volatility Squeeze registered'}, {'key': 'optimized', 'label': 'Last Optimized', 'ts': '2026-07-06T17:42:57.326179+00:00', 'done': True, 'detail': '2 saved config(s)'}, {'key': 'validated', 'label': 'Validation Passed', 'ts': None, 'done': True, 'detail': 'Walk-forward / backtest gate'}, {'key': 'paper', 'label': 'First Paper Trade', 'ts': '2026-06-11T21:00:21.819646+00:00', 'done': True, 'detail': 'Paper-traded live'}, {'key': 'live', 'label': 'Live Trading', 'ts': None, 'done': False, 'detail': 'Not deployed live'}, {'key': 'last_trade', 'label': 'Latest Trade', 'ts': '2026-07-03T10:19:51.717251+00:00', 'done': True, 'detail': '14 trades total'}], 'last_trade': '2026-07-03T10:19:51.717251+00:00', 'config_count': 2}, 'continuation': {'key': 'continuation', 'name': 'Continuation', 'category': None, 'status': 'DISABLED', 'enabled': False, 'trades': 10, 'win_rate': 40.0, 'roi': -0.79, 'total_pnl': -9.43, 'stars': 3, 'confidence': 40, 'health': 55, 'health_breakdown': [{'key': 'win_rate', 'label': 'Win Rate', 'score': 40.0, 'detail': '40.0% of trades profitable'}, {'key': 'risk', 'label': 'Risk-Adjusted', 'score': 48.0, 'detail': 'ROI -0.79%'}, {'key': 'recent', 'label': 'Recent Form', 'score': 40.0, 'detail': 'last 10 trades'}, {'key': 'consistency', 'label': 'Consistency', 'score': 94.0, 'detail': 'per-trade return stability'}, {'key': 'sample', 'label': 'Sample Confidence', 'score': 50.0, 'detail': '10 closed trades'}, {'key': 'rating', 'label': 'Owner Rating', 'score': 60.0, 'detail': '3/5 stars'}], 'timeline': [{'key': 'created', 'label': 'Created', 'ts': '2026-06-10T17:42:57.326179+00:00', 'done': True, 'detail': 'Continuation registered'}, {'key': 'optimized', 'label': 'Last Optimized', 'ts': '2026-06-30T17:42:57.326179+00:00', 'done': True, 'detail': '1 saved config(s)'}, {'key': 'validated', 'label': 'Validation Passed', 'ts': None, 'done': False, 'detail': 'Not yet validated'}, {'key': 'paper', 'label': 'First Paper Trade', 'ts': '2026-06-10T10:12:11.674120+00:00', 'done': True, 'detail': 'Paper-traded live'}, {'key': 'live', 'label': 'Live Trading', 'ts': None, 'done': False, 'detail': 'Not deployed live'}, {'key': 'last_trade', 'label': 'Latest Trade', 'ts': '2026-07-05T09:15:20.862007+00:00', 'done': True, 'detail': '10 trades total'}], 'last_trade': '2026-07-05T09:15:20.862007+00:00', 'config_count': 1}}}
E   assert []</failure></testcase><testcase classname="tests.test_iter29_demo_coach.TestDemoEndpoints" name="test_demo_reset_requires_owner" time="0.049" /><testcase classname="tests.test_iter29_demo_coach.TestDemoEndpoints" name="test_demo_reset_owner_clears_book" time="0.165" /><testcase classname="tests.test_iter29_demo_coach.TestCoach" name="test_weekly_review_requires_owner" time="0.042" /><testcase classname="tests.test_iter29_demo_coach.TestCoach" name="test_weekly_review_owner_shape_and_whitelist" time="9.415" /><testcase classname="tests.test_iter29_demo_coach.TestCoach" name="test_coach_apply_rejects_non_whitelisted" time="0.049" /><testcase classname="tests.test_iter29_demo_coach.TestCoach" name="test_coach_apply_requires_owner" time="0.046" /><testcase classname="tests.test_iter29_demo_coach.TestCoach" name="test_coach_apply_owner_persists_clamped" time="0.092" /><testcase classname="tests.test_iter29_demo_coach.TestCoach" name="test_coach_apply_clamps_out_of_range" time="0.045" /></testsuite></testsuites>