<?xml version="1.0" encoding="utf-8"?><testsuites name="pytest tests"><testsuite name="pytest" errors="0" failures="0" skipped="0" tests="5" time="6.579" timestamp="2026-07-11T13:15:29.434420+00:00" hostname="agent-env-f38528a7-fb55-4fde-95ad-386468e0d3a7"><testcase classname="tests.test_iter45_hardening.TestRiskStatus" name="test_shape" time="2.218" /><testcase classname="tests.test_iter45_hardening.TestRiskStatus" name="test_warm_latency_under_500ms" time="3.693" /><testcase classname="tests.test_iter45_hardening.TestAuthFailureCleanJson" name="test_bad_bearer_returns_clean_json" time="0.093" /><testcase classname="tests.test_iter45_hardening.TestAuthFailureCleanJson" name="test_mutation_with_bad_bearer_returns_401_or_403" time="0.094" /><testcase classname="tests.test_iter45_hardening.TestServerHandlesRapidDuplicateMutations" name="test_three_rapid_identical_close_calls_return_structured" time="0.455" /></testsuite></testsuites>