<?xml version="1.0" encoding="utf-8"?><testsuites name="pytest tests"><testsuite name="pytest" errors="0" failures="0" skipped="0" tests="4" time="141.612" timestamp="2026-07-22T17:05:12.030506+00:00" hostname="agent-env-f38528a7-fb55-4fde-95ad-386468e0d3a7"><testcase classname="tests.test_iter82_lab_custom_strategy_e2e" name="test_clone_appears_in_registry" time="5.545" /><testcase classname="tests.test_iter82_lab_custom_strategy_e2e" name="test_lab_backtest_runs_custom_clone" time="47.643" /><testcase classname="tests.test_iter82_lab_custom_strategy_e2e" name="test_lab_backtest_regression_hunter" time="41.016" /><testcase classname="tests.test_iter82_lab_custom_strategy_e2e" name="test_lab_backtest_regression_ema_cross" time="47.372" /></testsuite></testsuites>