<?xml version="1.0" encoding="utf-8"?><testsuites name="pytest tests"><testsuite name="pytest" errors="0" failures="0" skipped="0" tests="9" time="16.047" timestamp="2026-07-11T14:13:04.377308+00:00" hostname="agent-env-f38528a7-fb55-4fde-95ad-386468e0d3a7"><testcase classname="tests.test_iter46_http_access_and_health" name="test_health_selfcheck_shape_and_speed" time="13.614" /><testcase classname="tests.test_iter46_http_access_and_health.TestAccessRequestPublic" name="test_create_lead_public_ok" time="0.750" /><testcase classname="tests.test_iter46_http_access_and_health.TestAccessRequestPublic" name="test_idempotent_resubmit" time="0.514" /><testcase classname="tests.test_iter46_http_access_and_health.TestAccessRequestPublic" name="test_bad_email_returns_400" time="0.178" /><testcase classname="tests.test_iter46_http_access_and_health.TestAccessRequestPublic" name="test_empty_name_returns_400" time="0.143" /><testcase classname="tests.test_iter46_http_access_and_health.TestAccessListOwnerOnly" name="test_list_requires_owner_403" time="0.091" /><testcase classname="tests.test_iter46_http_access_and_health.TestAccessListOwnerOnly" name="test_list_owner_ok" time="0.149" /><testcase classname="tests.test_iter46_http_access_and_health.TestAccessListOwnerOnly" name="test_approve_flow" time="0.459" /><testcase classname="tests.test_iter46_http_access_and_health.TestAccessListOwnerOnly" name="test_unknown_id_404" time="0.111" /></testsuite></testsuites>