<?xml version="1.0" encoding="utf-8"?><testsuites name="pytest tests"><testsuite name="pytest" errors="0" failures="1" skipped="0" tests="7" time="2.661" timestamp="2026-07-15T16:16:22.261710+00:00" hostname="agent-env-f38528a7-fb55-4fde-95ad-386468e0d3a7"><testcase classname="tests.test_iter56_demo_onboarding.TestAuth" name="test_demo_login_success" time="0.487"><failure message="AssertionError: expected role=demo but got owner (server hardcodes owner)&#10;assert 'owner' == 'demo'&#10;  &#10;  - demo&#10;  + owner">backend/tests/test_iter56_demo_onboarding.py:39: in test_demo_login_success
    assert data.get("role") == "demo", f"expected role=demo but got {data.get('role')} (server hardcodes owner)"
E   AssertionError: expected role=demo but got owner (server hardcodes owner)
E   assert 'owner' == 'demo'
E     
E     - demo
E     + owner</failure></testcase><testcase classname="tests.test_iter56_demo_onboarding.TestAuth" name="test_demo_me_returns_demo_role" time="0.471" /><testcase classname="tests.test_iter56_demo_onboarding.TestAuth" name="test_owner_login_still_works" time="0.486" /><testcase classname="tests.test_iter56_demo_onboarding.TestAuth" name="test_wrong_password_fails" time="0.392" /><testcase classname="tests.test_iter56_demo_onboarding.TestOnboardingPaperSetup" name="test_unauth_call_forbidden" time="0.117" /><testcase classname="tests.test_iter56_demo_onboarding.TestOnboardingPaperSetup" name="test_paper_setup_fixed" time="0.419" /><testcase classname="tests.test_iter56_demo_onboarding.TestOnboardingPaperSetup" name="test_paper_setup_percent" time="0.228" /></testsuite></testsuites>