<?xml version="1.0" encoding="utf-8"?><testsuites name="pytest tests"><testsuite name="pytest" errors="0" failures="0" skipped="0" tests="12" time="5.366" timestamp="2026-07-26T14:23:20.176543+00:00" hostname="agent-env-f38528a7-fb55-4fde-95ad-386468e0d3a7"><testcase classname="tests.test_multi_tenant_auth.TestOwnerUnchanged" name="test_owner_me" time="0.231" /><testcase classname="tests.test_multi_tenant_auth.TestOwnerUnchanged" name="test_owner_portfolio_house_book" time="4.947" /><testcase classname="tests.test_multi_tenant_auth.TestOwnerUnchanged" name="test_anonymous_portfolio_is_house_book" time="0.004" /><testcase classname="tests.test_multi_tenant_auth.TestGoogleUserIsolation" name="test_google_me_role_user" time="0.003" /><testcase classname="tests.test_multi_tenant_auth.TestGoogleUserIsolation" name="test_google_portfolio_isolated_book" time="0.005" /><testcase classname="tests.test_multi_tenant_auth.TestGoogleUserIsolation" name="test_google_trades_are_scoped" time="0.004" /><testcase classname="tests.test_multi_tenant_auth.TestInvalidGoogleSession" name="test_invalid_session_id_returns_401" time="0.075" /><testcase classname="tests.test_multi_tenant_auth.TestAnonymousMutations" name="test_anon_put_settings_403" time="0.002" /><testcase classname="tests.test_multi_tenant_auth.TestAnonymousMutations" name="test_anon_manual_order_403" time="0.002" /><testcase classname="tests.test_multi_tenant_auth.TestMutationIsolation" name="test_google_manual_order_lands_only_in_own_book" time="0.020" /><testcase classname="tests.test_multi_tenant_auth.TestMutationIsolation" name="test_google_onboarding_paper_setup_resets_only_own_book" time="0.015" /><testcase classname="tests.test_multi_tenant_auth.TestMutationIsolation" name="test_google_put_settings_scoped" time="0.010" /></testsuite></testsuites>