<?xml version="1.0" encoding="utf-8"?><testsuites name="pytest tests"><testsuite name="pytest" errors="0" failures="0" skipped="0" tests="23" time="9.501" timestamp="2026-05-29T19:19:40.592265+00:00" hostname="agent-env-e7650132-0a94-438c-8d43-f809b3311a3a"><testcase classname="tests.test_phase_b_http" name="test_pending_orders_shape" time="0.198" /><testcase classname="tests.test_phase_b_http" name="test_settings_has_phase_b_fields" time="0.114" /><testcase classname="tests.test_phase_b_http" name="test_settings_put_clamps_and_persists" time="0.300" /><testcase classname="tests.test_phase_b_http" name="test_cycle_run_btc_emits_decision_and_spread_evidence" time="1.342" /><testcase classname="tests.test_phase_b_http" name="test_analytics_includes_slippage_and_friction" time="0.055" /><testcase classname="tests.test_phase_b_http" name="test_regression_endpoints_200[/api/trades]" time="0.047" /><testcase classname="tests.test_phase_b_http" name="test_regression_endpoints_200[/api/live/status]" time="0.053" /><testcase classname="tests.test_phase_b_http" name="test_regression_endpoints_200[/api/risk/status]" time="2.067" /><testcase classname="tests.test_phase_b" name="test_maker_fills_when_price_crosses_bid" time="0.002" /><testcase classname="tests.test_phase_b" name="test_maker_fills_after_two_flat_ticks" time="0.001" /><testcase classname="tests.test_phase_b" name="test_maker_missed_fill_when_price_runs_up" time="0.001" /><testcase classname="tests.test_phase_b" name="test_maker_cancelled_when_insufficient_cash" time="0.001" /><testcase classname="tests.test_phase_b" name="test_process_pending_noop_when_empty" time="0.001" /><testcase classname="tests.test_phase_b" name="test_log_friction_tally_sums_fees_and_slippage" time="0.000" /><testcase classname="tests.test_phase_b" name="test_executor_post_only_rests_at_bid" time="1.119" /><testcase classname="tests.test_phase_b" name="test_executor_market_fills_at_ask" time="0.001" /><testcase classname="tests.test_analytics_phase_a" name="test_analytics_performance_shape" time="0.146" /><testcase classname="tests.test_analytics_phase_a" name="test_analytics_math_self_consistent" time="0.110" /><testcase classname="tests.test_analytics_phase_a" name="test_high_beta_warning_off_when_no_open_positions" time="0.113" /><testcase classname="tests.test_analytics_phase_a" name="test_trades_endpoint" time="0.193" /><testcase classname="tests.test_analytics_phase_a" name="test_settings_endpoint" time="0.158" /><testcase classname="tests.test_analytics_phase_a" name="test_public_snapshot" time="0.121" /><testcase classname="tests.test_analytics_phase_a" name="test_cycle_run_btc" time="1.601" /></testsuite></testsuites>