<?xml version="1.0" encoding="utf-8"?><testsuites name="pytest tests"><testsuite name="pytest" errors="0" failures="0" skipped="0" tests="5" time="21.669" timestamp="2026-05-29T18:25:09.796947+00:00" hostname="agent-env-e7650132-0a94-438c-8d43-f809b3311a3a"><testcase classname="tests.test_vault_swing_http.TestSettingsShape" name="test_swing_defaults_and_no_micro_flip" time="4.979" /><testcase classname="tests.test_vault_swing_http.TestSettingsPutVault" name="test_put_vault_fields_persist_and_clamp" time="0.341" /><testcase classname="tests.test_vault_swing_http.TestCycleAndReasoning" name="test_run_cycle_btc_returns_decision_with_vault_and_htf_evidence" time="16.053" /><testcase classname="tests.test_vault_swing_http.TestCycleAndReasoning" name="test_reasoning_list_returns_items" time="0.063" /><testcase classname="tests.test_vault_swing_http.TestPublicSnapshotNoMicroFlip" name="test_public_settings_omits_micro_flip" time="0.138" /></testsuite></testsuites>