<?xml version="1.0" encoding="utf-8"?><testsuites name="pytest tests"><testsuite name="pytest" errors="0" failures="0" skipped="0" tests="20" time="126.260" timestamp="2026-05-25T01:00:36.167705+00:00" hostname="agent-env-a523a183-5d0a-437a-9df9-a28178e66af9"><testcase classname="backend.tests.backend_test.TestHealth" name="test_root" time="0.149" /><testcase classname="backend.tests.backend_test.TestMarket" name="test_snapshots_all" time="2.392" /><testcase classname="backend.tests.backend_test.TestMarket" name="test_snapshot_btc" time="0.057" /><testcase classname="backend.tests.backend_test.TestPortfolioRead" name="test_portfolio_initial_or_existing" time="0.060" /><testcase classname="backend.tests.backend_test.TestSettingsRead" name="test_settings_defaults" time="0.048" /><testcase classname="backend.tests.backend_test.TestRiskRead" name="test_risk_status" time="0.052" /><testcase classname="backend.tests.backend_test.TestTradesAndReasoningRead" name="test_trades_list" time="0.049" /><testcase classname="backend.tests.backend_test.TestTradesAndReasoningRead" name="test_reasoning_list" time="0.058" /><testcase classname="backend.tests.backend_test.TestSettingsUpdate" name="test_invalid_trading_mode_rejected" time="0.057" /><testcase classname="backend.tests.backend_test.TestSettingsUpdate" name="test_update_min_confidence_clamped_and_persisted" time="0.200" /><testcase classname="backend.tests.backend_test.TestSettingsUpdate" name="test_masked_secret_is_ignored" time="0.050" /><testcase classname="backend.tests.backend_test.TestCycleRun" name="test_run_full_cycle" time="27.166" /><testcase classname="backend.tests.backend_test.TestCycleRun" name="test_run_single_symbol" time="7.857" /><testcase classname="backend.tests.backend_test.TestCycleRun" name="test_reasoning_log_populated_after_cycle" time="0.050" /><testcase classname="backend.tests.backend_test.TestCycleRun" name="test_reasoning_filter_by_symbol" time="0.052" /><testcase classname="backend.tests.backend_test.TestKillSwitches" name="test_spread_breach_via_low_max_spread" time="3.531" /><testcase classname="backend.tests.backend_test.TestKillSwitches" name="test_manual_kill_blocks_trades" time="31.159" /><testcase classname="backend.tests.backend_test.TestKillSwitches" name="test_confidence_breach_when_min_conf_high" time="1.475" /><testcase classname="backend.tests.backend_test.TestBuyExecution" name="test_force_buy_attempt" time="47.118" /><testcase classname="backend.tests.backend_test.TestZZZPortfolioReset" name="test_reset_clears_state" time="4.609" /></testsuite></testsuites>