<?xml version="1.0" encoding="utf-8"?><testsuites name="pytest tests"><testsuite name="pytest" errors="0" failures="0" skipped="0" tests="7" time="17.607" timestamp="2026-07-08T18:23:15.791943+00:00" hostname="agent-env-f38528a7-fb55-4fde-95ad-386468e0d3a7"><testcase classname="tests.test_iter30_reports_and_coach_review.TestTradesPdfReport" name="test_paper_pdf_attachment" time="5.044" /><testcase classname="tests.test_iter30_reports_and_coach_review.TestTradesPdfReport" name="test_live_pdf_attachment" time="0.133" /><testcase classname="tests.test_iter30_reports_and_coach_review.TestTradesPdfReport" name="test_paper_pdf_inline" time="0.150" /><testcase classname="tests.test_iter30_reports_and_coach_review.TestTradesPdfReport" name="test_all_mode_default" time="0.178" /><testcase classname="tests.test_iter30_reports_and_coach_review.TestCoachTradesReview" name="test_forbidden_without_token" time="0.094" /><testcase classname="tests.test_iter30_reports_and_coach_review.TestCoachTradesReview" name="test_paper_review_returns_ai_text" time="11.840" /><testcase classname="tests.test_iter30_reports_and_coach_review.TestCoachTradesReview" name="test_live_review_no_trades" time="0.132" /></testsuite></testsuites>