<?xml version="1.0" encoding="utf-8"?><testsuites name="pytest tests"><testsuite name="pytest" errors="0" failures="0" skipped="0" tests="14" time="36.987" timestamp="2026-05-25T01:48:49.096694+00:00" hostname="agent-env-a523a183-5d0a-437a-9df9-a28178e66af9"><testcase classname="tests.test_news_cascade.TestNewsCurrent" name="test_news_current_200_shape" time="4.171" /><testcase classname="tests.test_news_cascade.TestNewsCurrent" name="test_news_summary_non_empty" time="0.093" /><testcase classname="tests.test_news_cascade.TestNewsCurrent" name="test_news_source_label_is_valid" time="0.118" /><testcase classname="tests.test_news_cascade.TestNewsCurrent" name="test_news_cache_info_fields" time="0.155" /><testcase classname="tests.test_news_cascade.TestNewsCurrent" name="test_news_ttl_cache_identical" time="0.909" /><testcase classname="tests.test_news_cascade.TestNewsPropagatesToReasoning" name="test_cycle_run_btc_contains_news_summary" time="8.574" /><testcase classname="tests.test_news_cascade.TestNewsPropagatesToReasoning" name="test_reasoning_recent_entries_have_news" time="0.145" /><testcase classname="tests.test_news_cascade.TestRegression" name="test_root" time="0.103" /><testcase classname="tests.test_news_cascade.TestRegression" name="test_portfolio" time="0.151" /><testcase classname="tests.test_news_cascade.TestRegression" name="test_settings" time="0.103" /><testcase classname="tests.test_news_cascade.TestRegression" name="test_market_snapshots" time="3.907" /><testcase classname="tests.test_news_cascade.TestRegression" name="test_risk_status" time="10.347" /><testcase classname="tests.test_news_cascade.TestRegression" name="test_public_snapshot_sanitized" time="7.576" /><testcase classname="tests.test_news_cascade.TestRegression" name="test_report_reasoning_pdf" time="0.546" /></testsuite></testsuites>