<?xml version="1.0" encoding="utf-8"?><testsuites name="pytest tests"><testsuite name="pytest" errors="0" failures="0" skipped="0" tests="8" time="10.023" timestamp="2026-07-04T15:17:41.452958+00:00" hostname="agent-env-f38528a7-fb55-4fde-95ad-386468e0d3a7"><testcase classname="tests.test_ws2_ws3_lab" name="test_presets_returns_four_expected_ids" time="1.185" /><testcase classname="tests.test_ws2_ws3_lab" name="test_coverage_has_bars_1h_per_symbol" time="3.154" /><testcase classname="tests.test_ws2_ws3_lab" name="test_preset_run_setting_overrides_applied" time="0.854" /><testcase classname="tests.test_ws2_ws3_lab" name="test_preset_run_per_symbol_has_full_metrics" time="0.000" /><testcase classname="tests.test_ws2_ws3_lab" name="test_preset_run_multi_timeframe_has_15m_30m_1h" time="0.000" /><testcase classname="tests.test_ws2_ws3_lab" name="test_continuation_appears_in_strategy_breakdown" time="0.000" /><testcase classname="tests.test_ws2_ws3_lab" name="test_mode_a_backtest_full_shape" time="0.481" /><testcase classname="tests.test_ws2_ws3_lab" name="test_pdf_download_for_completed_backtest" time="4.305" /></testsuite></testsuites>