<?xml version="1.0" encoding="utf-8"?><testsuites name="pytest tests"><testsuite name="pytest" errors="0" failures="0" skipped="0" tests="8" time="7.698" timestamp="2026-07-07T19:09:22.754249+00:00" hostname="agent-env-f38528a7-fb55-4fde-95ad-386468e0d3a7"><testcase classname="tests.test_iter24_ai_analyst_and_configs" name="test_strategy_registry_returns_all_three_strategies" time="0.616" /><testcase classname="tests.test_iter24_ai_analyst_and_configs" name="test_strategy_configs_list_ok" time="0.113" /><testcase classname="tests.test_iter24_ai_analyst_and_configs" name="test_create_update_rating_and_delete_config_flow" time="0.960" /><testcase classname="tests.test_iter24_ai_analyst_and_configs" name="test_delete_builtin_config_is_400" time="0.206" /><testcase classname="tests.test_iter24_ai_analyst_and_configs" name="test_ai_query_empty_question_400" time="0.118" /><testcase classname="tests.test_iter24_ai_analyst_and_configs" name="test_ai_query_returns_session_id_and_grounded_answer" time="1.613" /><testcase classname="tests.test_iter24_ai_analyst_and_configs" name="test_ai_query_multi_turn_reuses_session_context" time="3.954" /><testcase classname="tests.test_iter24_ai_analyst_and_configs" name="test_ai_query_requires_owner_when_no_auth_header" time="0.075" /></testsuite></testsuites>