<?xml version="1.0" encoding="utf-8"?><testsuites name="pytest tests"><testsuite name="pytest" errors="0" failures="0" skipped="0" tests="9" time="34.790" timestamp="2026-05-27T15:52:07.662623+00:00" hostname="agent-env-fb3744f5-00be-462e-ba3b-8329da88bb5c"><testcase classname="tests.test_adaptive_sizing_http" name="test_settings_get_exposes_adaptive_fields" time="5.361" /><testcase classname="tests.test_adaptive_sizing_http" name="test_settings_put_persists_in_range_values" time="0.270" /><testcase classname="tests.test_adaptive_sizing_http" name="test_settings_put_clamps_out_of_range" time="0.235" /><testcase classname="tests.test_adaptive_sizing_http" name="test_portfolio_exposes_slots_used_and_cap" time="6.931" /><testcase classname="tests.test_adaptive_sizing_http" name="test_public_snapshot_includes_adaptive_fields_and_no_secrets" time="12.436" /><testcase classname="tests.test_adaptive_sizing_http" name="test_cycle_run_records_setup_strength_and_evidence" time="7.116" /><testcase classname="tests.test_adaptive_sizing_http" name="test_regression_risk_status" time="2.009" /><testcase classname="tests.test_adaptive_sizing_http" name="test_regression_trades" time="0.112" /><testcase classname="tests.test_adaptive_sizing_http" name="test_regression_cycle_run_endpoint_alive" time="0.237" /></testsuite></testsuites>