<?xml version="1.0" encoding="utf-8"?><testsuites name="pytest tests"><testsuite name="pytest" errors="0" failures="0" skipped="0" tests="32" time="2.986" timestamp="2026-05-30T10:27:16.682533+00:00" hostname="agent-env-e44b7710-4da5-4253-9cce-4b20385ea919"><testcase classname="tests.test_analytics" name="test_sector_mapping" time="0.000" /><testcase classname="tests.test_analytics" name="test_high_beta_warning_fires_at_three" time="0.000" /><testcase classname="tests.test_analytics" name="test_high_beta_warning_below_threshold" time="0.000" /><testcase classname="tests.test_analytics" name="test_sector_exposure_ignores_zero_qty" time="0.000" /><testcase classname="tests.test_analytics" name="test_volatility_regime_buckets" time="0.000" /><testcase classname="tests.test_analytics" name="test_compute_entry_volatility_short_history" time="0.000" /><testcase classname="tests.test_analytics" name="test_compute_entry_volatility_with_bars" time="0.000" /><testcase classname="tests.test_analytics" name="test_expectancy_and_profit_factor" time="0.000" /><testcase classname="tests.test_analytics" name="test_profit_factor_none_when_no_losses" time="0.000" /><testcase classname="tests.test_analytics" name="test_regime_breakdown_groups_by_entry_regime" time="0.000" /><testcase classname="tests.test_analytics" name="test_friction_includes_slippage" time="0.000" /><testcase classname="tests.test_analytics" name="test_regime_insight_not_ready_below_threshold" time="0.000" /><testcase classname="tests.test_analytics" name="test_regime_insight_picks_highest_expectancy" time="0.000" /><testcase classname="tests.test_analytics" name="test_regime_insight_ignores_unknown_when_ranking" time="0.000" /><testcase classname="tests.test_analytics" name="test_regime_insight_negative_edge_message" time="0.000" /><testcase classname="tests.test_analytics" name="test_max_drawdown_from_pnl_curve" time="0.000" /><testcase classname="tests.test_judge_and_pdf.TestRegression" name="test_root" time="0.241" /><testcase classname="tests.test_judge_and_pdf.TestRegression" name="test_portfolio" time="0.057" /><testcase classname="tests.test_judge_and_pdf.TestRegression" name="test_settings" time="0.053" /><testcase classname="tests.test_judge_and_pdf.TestRegression" name="test_risk_status" time="0.068" /><testcase classname="tests.test_judge_and_pdf.TestRegression" name="test_reasoning" time="0.051" /><testcase classname="tests.test_judge_and_pdf.TestRegression" name="test_trades" time="0.054" /><testcase classname="tests.test_judge_and_pdf.TestRegression" name="test_market_snapshots" time="1.516" /><testcase classname="tests.test_judge_and_pdf.TestRegression" name="test_put_settings_regression" time="0.158" /><testcase classname="tests.test_judge_and_pdf.TestRegression" name="test_portfolio_reset_regression" time="0.053" /><testcase classname="tests.test_judge_and_pdf.TestPublicSnapshot" name="test_shape_contains_required_top_level_keys" time="0.060" /><testcase classname="tests.test_judge_and_pdf.TestPublicSnapshot" name="test_settings_contains_risk_thresholds_and_symbols" time="0.056" /><testcase classname="tests.test_judge_and_pdf.TestPublicSnapshot" name="test_api_keys_stripped_after_being_set" time="0.153" /><testcase classname="tests.test_judge_and_pdf.TestReportFullPdf" name="test_returns_valid_pdf" time="0.062" /><testcase classname="tests.test_judge_and_pdf.TestReportReasoningPdf" name="test_returns_valid_pdf_default" time="0.059" /><testcase classname="tests.test_judge_and_pdf.TestReportReasoningPdf" name="test_limit_param_accepted" time="0.063" /><testcase classname="tests.test_judge_and_pdf.TestReportReasoningPdf" name="test_limit_param_zero_or_high" time="0.115" /></testsuite></testsuites>