<?xml version="1.0" encoding="utf-8"?><testsuites name="pytest tests"><testsuite name="pytest" errors="0" failures="0" skipped="0" tests="9" time="55.311" timestamp="2026-06-22T13:28:24.549346+00:00" hostname="agent-env-6cee0bed-2986-47ed-9f3f-cc54f0bb5986"><testcase classname="tests.test_strategy_lab" name="test_strategy_lab_contract" time="5.659" /><testcase classname="tests.test_strategy_lab" name="test_strategy_lab_sorted_by_ev_desc_none_last" time="0.167" /><testcase classname="tests.test_strategy_lab" name="test_strategy_sandbox_alias_matches_lab" time="0.264" /><testcase classname="tests.test_strategy_lab" name="test_cycle_run_increments_detected" time="48.363" /><testcase classname="tests.test_strategy_lab" name="test_fresh_start_requires_auth" time="0.114" /><testcase classname="tests.test_strategy_lab" name="test_fresh_start_with_owner_token" time="0.351" /><testcase classname="tests.test_strategy_lab" name="test_research_endpoints_regression[/api/research/summary]" time="0.124" /><testcase classname="tests.test_strategy_lab" name="test_research_endpoints_regression[/api/research/funnel]" time="0.107" /><testcase classname="tests.test_strategy_lab" name="test_research_endpoints_regression[/api/research/missed_opportunities]" time="0.122" /></testsuite></testsuites>