<?xml version="1.0" encoding="utf-8"?><testsuites name="pytest tests"><testsuite name="pytest" errors="0" failures="0" skipped="0" tests="21" time="9.203" timestamp="2026-06-26T15:51:46.465799+00:00" hostname="agent-env-f38528a7-fb55-4fde-95ad-386468e0d3a7"><testcase classname="tests.test_mobile_endpoints" name="test_auth_me" time="0.496" /><testcase classname="tests.test_mobile_endpoints" name="test_auth_me_unauth" time="0.102" /><testcase classname="tests.test_mobile_endpoints" name="test_notifications_register_requires_owner" time="0.139" /><testcase classname="tests.test_mobile_endpoints" name="test_notifications_register_owner_ok" time="0.153" /><testcase classname="tests.test_mobile_endpoints" name="test_notifications_register_validation" time="0.101" /><testcase classname="tests.test_mobile_endpoints" name="test_notifications_test_requires_owner" time="0.717" /><testcase classname="tests.test_mobile_endpoints" name="test_notifications_test_owner_ok" time="0.429" /><testcase classname="tests.test_mobile_endpoints" name="test_kill_switch_push_hook" time="0.383" /><testcase classname="tests.test_mobile_endpoints" name="test_mobile_read_endpoint_200[/api/portfolio]" time="0.100" /><testcase classname="tests.test_mobile_endpoints" name="test_mobile_read_endpoint_200[/api/market/snapshots]" time="2.741" /><testcase classname="tests.test_mobile_endpoints" name="test_mobile_read_endpoint_200[/api/environment]" time="0.150" /><testcase classname="tests.test_mobile_endpoints" name="test_mobile_read_endpoint_200[/api/risk/status]" time="0.103" /><testcase classname="tests.test_mobile_endpoints" name="test_mobile_read_endpoint_200[/api/reasoning?limit=12]" time="0.102" /><testcase classname="tests.test_mobile_endpoints" name="test_mobile_read_endpoint_200[/api/trades?limit=50]" time="0.107" /><testcase classname="tests.test_mobile_endpoints" name="test_mobile_read_endpoint_200[/api/research/strategy_lab]" time="0.097" /><testcase classname="tests.test_mobile_endpoints" name="test_mobile_read_endpoint_200[/api/settings]" time="0.112" /><testcase classname="tests.test_mobile_endpoints" name="test_mobile_read_endpoint_200[/api/market/candles?symbol=BTC/USD&amp;timeframe=1h&amp;limit=24]" time="0.621" /><testcase classname="tests.test_mobile_endpoints" name="test_portfolio_shape" time="0.108" /><testcase classname="tests.test_mobile_endpoints" name="test_market_snapshots_has_rail_symbols" time="2.189" /><testcase classname="tests.test_mobile_endpoints" name="test_strategy_lab_has_5_strategies" time="0.107" /><testcase classname="tests.test_mobile_endpoints" name="test_candles_shape" time="0.100" /></testsuite></testsuites>