<?xml version="1.0" encoding="utf-8"?><testsuites name="pytest tests"><testsuite name="pytest" errors="0" failures="0" skipped="0" tests="7" time="20.487" timestamp="2026-05-29T18:44:23.289642+00:00" hostname="agent-env-e7650132-0a94-438c-8d43-f809b3311a3a"><testcase classname="tests.test_analytics_phase_a" name="test_analytics_performance_shape" time="0.182" /><testcase classname="tests.test_analytics_phase_a" name="test_analytics_math_self_consistent" time="0.133" /><testcase classname="tests.test_analytics_phase_a" name="test_high_beta_warning_off_when_no_open_positions" time="0.241" /><testcase classname="tests.test_analytics_phase_a" name="test_trades_endpoint" time="0.171" /><testcase classname="tests.test_analytics_phase_a" name="test_settings_endpoint" time="0.115" /><testcase classname="tests.test_analytics_phase_a" name="test_public_snapshot" time="7.917" /><testcase classname="tests.test_analytics_phase_a" name="test_cycle_run_btc" time="11.663" /></testsuite></testsuites>