<?xml version="1.0" encoding="utf-8"?><testsuites name="pytest tests"><testsuite name="pytest" errors="0" failures="0" skipped="0" tests="9" time="2.866" timestamp="2026-07-08T15:33:09.640762+00:00" hostname="agent-env-f38528a7-fb55-4fde-95ad-386468e0d3a7"><testcase classname="tests.test_iter25_strategy_center.TestStrategyMetrics" name="test_metrics_returns_all_three_strategies" time="0.565" /><testcase classname="tests.test_iter25_strategy_center.TestStrategyMetrics" name="test_metrics_shape_per_strategy" time="0.048" /><testcase classname="tests.test_iter25_strategy_center.TestStrategyState" name="test_reject_bad_status" time="0.053" /><testcase classname="tests.test_iter25_strategy_center.TestStrategyState" name="test_reject_unknown_strategy" time="0.053" /><testcase classname="tests.test_iter25_strategy_center.TestStrategyState" name="test_reject_empty_payload" time="0.048" /><testcase classname="tests.test_iter25_strategy_center.TestStrategyState" name="test_valid_transition_and_persist" time="0.203" /><testcase classname="tests.test_iter25_strategy_center.TestStrategyState" name="test_enabled_flag_persist" time="0.097" /><testcase classname="tests.test_iter25_strategy_center.TestAIQueryStrategyField" name="test_empty_question_400" time="0.054" /><testcase classname="tests.test_iter25_strategy_center.TestAIQueryStrategyField" name="test_accepts_strategy_field_and_answers" time="1.707" /></testsuite></testsuites>