<?xml version="1.0" encoding="utf-8"?><testsuites name="pytest tests"><testsuite name="pytest" errors="0" failures="1" skipped="0" tests="7" time="46.109" timestamp="2026-07-05T00:50:34.213721+00:00" hostname="agent-env-f38528a7-fb55-4fde-95ad-386468e0d3a7"><testcase classname="tests.test_iter18_validation_ui.TestAuth" name="test_login_fast" time="1.802" /><testcase classname="tests.test_iter18_validation_ui.TestAuth" name="test_login_invalid" time="0.324" /><testcase classname="tests.test_iter18_validation_ui.TestLabData" name="test_coverage" time="0.464" /><testcase classname="tests.test_iter18_validation_ui.TestLabData" name="test_presets" time="0.101" /><testcase classname="tests.test_iter18_validation_ui.TestRunLifecycle" name="test_run_completes_and_strategy_filter" time="6.628" /><testcase classname="tests.test_iter18_validation_ui.TestProcessIsolation" name="test_login_and_portfolio_stay_fast_while_running" time="6.865"><failure message="AssertionError: progress never advanced&#10;assert ((0.0 or 0)) &gt; 0&#10; +  where 0.0 = &lt;built-in method get of dict object at 0xf9e1af151640&gt;('progress_pct')&#10; +    where &lt;built-in method get of dict object at 0xf9e1af151640&gt; = {'compare_timeframes': False, 'created_at': '2026-07-05T00:50:43.671222+00:00', 'end_ms': 1783209600000, 'error': None, ...}.get">tests/test_iter18_validation_ui.py:186: in test_login_and_portfolio_stay_fast_while_running
    assert (me.get("progress_pct") or 0) &gt; 0, "progress never advanced"
E   AssertionError: progress never advanced
E   assert ((0.0 or 0)) &gt; 0
E    +  where 0.0 = &lt;built-in method get of dict object at 0xf9e1af151640&gt;('progress_pct')
E    +    where &lt;built-in method get of dict object at 0xf9e1af151640&gt; = {'compare_timeframes': False, 'created_at': '2026-07-05T00:50:43.671222+00:00', 'end_ms': 1783209600000, 'error': None, ...}.get</failure></testcase><testcase classname="tests.test_iter18_validation_ui.TestCompareTimeframes" name="test_compare_on_returns_all_tfs" time="29.859" /></testsuite></testsuites>