<?xml version="1.0" encoding="utf-8"?><testsuites name="pytest tests"><testsuite name="pytest" errors="0" failures="0" skipped="0" tests="4" time="27.377" timestamp="2026-07-05T17:54:36.826787+00:00" hostname="agent-env-f38528a7-fb55-4fde-95ad-386468e0d3a7"><testcase classname="tests.test_lab_exit_logic" name="test_fixed_exit_run_creates_and_completes" time="11.878" /><testcase classname="tests.test_lab_exit_logic" name="test_engine_exit_run_creates_and_completes" time="15.025" /><testcase classname="tests.test_lab_exit_logic" name="test_runs_list_has_exit_fields" time="0.107" /><testcase classname="tests.test_lab_exit_logic" name="test_pdf_download_for_completed_run" time="0.326" /></testsuite></testsuites>