<?xml version="1.0" encoding="utf-8"?><testsuites name="pytest tests"><testsuite name="pytest" errors="0" failures="0" skipped="0" tests="23" time="10.684" timestamp="2026-07-08T16:52:11.312282+00:00" hostname="agent-env-f38528a7-fb55-4fde-95ad-386468e0d3a7"><testcase classname="tests.test_iter27_spine.TestStrategyState" name="test_anonymous_is_403" time="1.252" /><testcase classname="tests.test_iter27_spine.TestStrategyState" name="test_invalid_status_400" time="0.413" /><testcase classname="tests.test_iter27_spine.TestStrategyState" name="test_empty_body_400" time="0.046" /><testcase classname="tests.test_iter27_spine.TestStrategyState" name="test_unknown_key_404" time="0.102" /><testcase classname="tests.test_iter27_spine.TestStrategyState" name="test_persists_status[LIVE]" time="0.280" /><testcase classname="tests.test_iter27_spine.TestStrategyState" name="test_persists_status[PAPER]" time="0.197" /><testcase classname="tests.test_iter27_spine.TestStrategyState" name="test_persists_status[DISABLED]" time="0.200" /><testcase classname="tests.test_iter27_spine.TestStrategyState" name="test_persists_status[TESTING]" time="0.158" /><testcase classname="tests.test_iter27_spine.TestStrategyState" name="test_persists_status[OPTIMIZING]" time="0.268" /><testcase classname="tests.test_iter27_spine.TestStrategyState" name="test_persists_status[ERROR]" time="1.032" /><testcase classname="tests.test_iter27_spine.TestStrategyState" name="test_persists_enabled" time="0.814" /><testcase classname="tests.test_iter27_spine.TestStrategyMetrics" name="test_metrics_shape" time="0.309" /><testcase classname="tests.test_iter27_spine.TestStrategyMetrics" name="test_metrics_fields_per_strategy" time="0.042" /><testcase classname="tests.test_iter27_spine.TestStrategyMetrics" name="test_health_breakdown_shape" time="0.042" /><testcase classname="tests.test_iter27_spine.TestStrategyMetrics" name="test_health_equals_rounded_avg_of_breakdown" time="0.047" /><testcase classname="tests.test_iter27_spine.TestStrategyMetrics" name="test_timeline_shape" time="0.043" /><testcase classname="tests.test_iter27_spine.TestEngineGate" name="test_disabled_state_reflected_in_metrics_and_cycle_healthy" time="3.435" /><testcase classname="tests.test_iter27_spine.TestEngineGate" name="test_reenable_hunter_persists" time="0.247" /><testcase classname="tests.test_strategy_gate" name="test_entry_allowed_defaults_on" time="0.000" /><testcase classname="tests.test_strategy_gate" name="test_disabled_status_blocks" time="0.000" /><testcase classname="tests.test_strategy_gate" name="test_error_status_blocks" time="0.000" /><testcase classname="tests.test_strategy_gate" name="test_enabled_false_blocks" time="0.000" /><testcase classname="tests.test_strategy_gate" name="test_live_and_paper_allow_entries" time="0.001" /></testsuite></testsuites>