<?xml version="1.0" encoding="utf-8"?><testsuites name="pytest tests"><testsuite name="pytest" errors="0" failures="0" skipped="0" tests="4" time="7.382" timestamp="2026-07-04T15:24:33.582825+00:00" hostname="agent-env-f38528a7-fb55-4fde-95ad-386468e0d3a7"><testcase classname="tests.test_ws3_lab_research" name="test_presets_returns_four" time="0.643" /><testcase classname="tests.test_ws3_lab_research" name="test_coverage_bars_1h_positive" time="1.899" /><testcase classname="tests.test_ws3_lab_research" name="test_run_detail_has_required_metrics" time="0.350" /><testcase classname="tests.test_ws3_lab_research" name="test_run_pdf_returns_application_pdf" time="4.474" /></testsuite></testsuites>