<?xml version="1.0" encoding="utf-8"?><testsuites name="pytest tests"><testsuite name="pytest" errors="0" failures="0" skipped="0" tests="12" time="2.931" timestamp="2026-07-08T15:56:10.040393+00:00" hostname="agent-env-f38528a7-fb55-4fde-95ad-386468e0d3a7"><testcase classname="tests.test_iter26_architect.TestArchitectChatGating" name="test_requires_owner_403" time="0.251" /><testcase classname="tests.test_iter26_architect.TestArchitectChatGating" name="test_empty_message_400" time="0.816" /><testcase classname="tests.test_iter26_architect.TestArchitectChatGating" name="test_missing_message_422" time="0.051" /><testcase classname="tests.test_iter26_architect.TestStrategyConfigsManualPath" name="test_owner_required_for_create" time="0.044" /><testcase classname="tests.test_iter26_architect.TestStrategyConfigsManualPath" name="test_duplicate_creates_variant" time="0.098" /><testcase classname="tests.test_iter26_architect.TestStrategyConfigsManualPath" name="test_architect_origin_saves" time="0.048" /><testcase classname="tests.test_iter26_architect.TestStrategyConfigsManualPath" name="test_unknown_strategy_key_rejected" time="0.047" /><testcase classname="tests.test_iter26_architect.TestStrategyConfigsManualPath" name="test_invalid_params_rejected" time="0.057" /><testcase classname="tests.test_iter26_architect.TestStrategyConfigsManualPath" name="test_zzz_cleanup" time="0.702" /><testcase classname="tests.test_iter26_architect.TestIter25Regression" name="test_metrics_still_returns_three" time="0.263" /><testcase classname="tests.test_iter26_architect.TestIter25Regression" name="test_set_state_paper_roundtrip" time="0.469" /><testcase classname="tests.test_iter26_architect.TestIter25Regression" name="test_bad_status_400" time="0.046" /></testsuite></testsuites>