<?xml version="1.0" encoding="utf-8"?><testsuites name="pytest tests"><testsuite name="pytest" errors="0" failures="0" skipped="0" tests="18" time="39.731" timestamp="2026-05-25T06:01:28.986302+00:00" hostname="agent-env-a523a183-5d0a-437a-9df9-a28178e66af9"><testcase classname="tests.test_live_status_iter4.TestLiveStatus" name="test_live_status_200_and_shape" time="0.180" /><testcase classname="tests.test_live_status_iter4.TestLiveStatus" name="test_live_status_safety_flags_all_off" time="0.043" /><testcase classname="tests.test_live_status_iter4.TestLiveStatus" name="test_live_status_no_secret_material_leak" time="0.043" /><testcase classname="tests.test_live_status_iter4.TestRegressionReads" name="test_root" time="0.043" /><testcase classname="tests.test_live_status_iter4.TestRegressionReads" name="test_portfolio" time="1.920" /><testcase classname="tests.test_live_status_iter4.TestRegressionReads" name="test_settings_masked" time="0.099" /><testcase classname="tests.test_live_status_iter4.TestRegressionReads" name="test_risk_status" time="0.099" /><testcase classname="tests.test_live_status_iter4.TestRegressionReads" name="test_market_snapshots" time="4.189" /><testcase classname="tests.test_live_status_iter4.TestRegressionReads" name="test_reasoning" time="3.442" /><testcase classname="tests.test_live_status_iter4.TestRegressionReads" name="test_trades" time="0.045" /><testcase classname="tests.test_live_status_iter4.TestRegressionReads" name="test_news_current" time="0.045" /><testcase classname="tests.test_live_status_iter4.TestCycleRunBTCRegression" name="test_cycle_btc_paper_mode" time="10.198" /><testcase classname="tests.test_live_status_iter4.TestDefenseInDepth" name="test_live_mode_setting_does_not_enable_live_orders" time="9.857" /><testcase classname="tests.test_live_status_iter4.TestDefenseInDepth" name="test_restore_settings_to_paper" time="0.047" /><testcase classname="tests.test_live_status_iter4.TestBacktestRegression" name="test_backtest_run" time="3.360" /><testcase classname="tests.test_live_status_iter4.TestBacktestRegression" name="test_backtest_sweep" time="2.373" /><testcase classname="tests.test_live_status_iter4.TestReportAndPublic" name="test_report_full_pdf" time="1.535" /><testcase classname="tests.test_live_status_iter4.TestReportAndPublic" name="test_public_snapshot_no_keys" time="2.097" /></testsuite></testsuites>