<?xml version="1.0" encoding="utf-8"?><testsuites name="pytest tests"><testsuite name="pytest" errors="0" failures="0" skipped="0" tests="10" time="0.023" timestamp="2026-05-30T12:10:45.814968+00:00" hostname="agent-env-e44b7710-4da5-4253-9cce-4b20385ea919"><testcase classname="tests.test_graduation" name="test_empty_is_not_ready" time="0.000" /><testcase classname="tests.test_graduation" name="test_min_trades_gate" time="0.000" /><testcase classname="tests.test_graduation" name="test_profit_factor_and_expectancy_gates" time="0.001" /><testcase classname="tests.test_graduation" name="test_regime_diversification_fails_when_one_regime_carries_all" time="0.001" /><testcase classname="tests.test_graduation" name="test_regime_diversification_passes_when_spread" time="0.001" /><testcase classname="tests.test_graduation" name="test_account_survival_breach_fails" time="0.000" /><testcase classname="tests.test_graduation" name="test_risk_consistency_fails_on_single_outlier" time="0.001" /><testcase classname="tests.test_graduation" name="test_stability_requires_30_days" time="0.001" /><testcase classname="tests.test_graduation" name="test_metrics_surface_exit_and_chase_data" time="0.000" /><testcase classname="tests.test_graduation" name="test_full_pass_scenario_is_ready" time="0.001" /></testsuite></testsuites>