<?xml version="1.0" encoding="utf-8"?><testsuites name="pytest tests"><testsuite name="pytest" errors="0" failures="0" skipped="0" tests="10" time="6.355" timestamp="2026-07-07T18:36:48.394514+00:00" hostname="agent-env-f38528a7-fb55-4fde-95ad-386468e0d3a7"><testcase classname="tests.test_iter23_cockpit.TestSettings" name="test_get_settings_shape" time="2.017" /><testcase classname="tests.test_iter23_cockpit.TestSettings" name="test_put_settings_accepts_dynamic_trail_and_overrides" time="0.801" /><testcase classname="tests.test_iter23_cockpit.TestSettings" name="test_kill_switch_toggle" time="0.714" /><testcase classname="tests.test_iter23_cockpit.TestSettings" name="test_put_settings_auth_gate_direct" time="0.072" /><testcase classname="tests.test_iter23_cockpit.TestFaces" name="test_risk_status" time="1.680" /><testcase classname="tests.test_iter23_cockpit.TestFaces" name="test_analytics_performance" time="0.140" /><testcase classname="tests.test_iter23_cockpit.TestSaveWinningConfig" name="test_lab_runs_list" time="0.108" /><testcase classname="tests.test_iter23_cockpit.TestSaveWinningConfig" name="test_from_lab_run_bridge_or_seed" time="0.608" /><testcase classname="tests.test_iter23_cockpit.TestSaveWinningConfig" name="test_from_lab_run_requires_owner" time="0.073" /><testcase classname="tests.test_iter23_cockpit.TestSaveWinningConfig" name="test_from_lab_run_404_on_missing" time="0.101" /></testsuite></testsuites>