<?xml version="1.0" encoding="utf-8"?><testsuites name="pytest tests"><testsuite name="pytest" errors="0" failures="0" skipped="0" tests="16" time="34.431" timestamp="2026-05-25T01:18:45.034995+00:00" hostname="agent-env-a523a183-5d0a-437a-9df9-a28178e66af9"><testcase classname="tests.test_judge_and_pdf.TestRegression" name="test_root" time="0.305" /><testcase classname="tests.test_judge_and_pdf.TestRegression" name="test_portfolio" time="5.913" /><testcase classname="tests.test_judge_and_pdf.TestRegression" name="test_settings" time="0.057" /><testcase classname="tests.test_judge_and_pdf.TestRegression" name="test_risk_status" time="6.544" /><testcase classname="tests.test_judge_and_pdf.TestRegression" name="test_reasoning" time="0.054" /><testcase classname="tests.test_judge_and_pdf.TestRegression" name="test_trades" time="0.059" /><testcase classname="tests.test_judge_and_pdf.TestRegression" name="test_market_snapshots" time="6.045" /><testcase classname="tests.test_judge_and_pdf.TestRegression" name="test_put_settings_regression" time="0.178" /><testcase classname="tests.test_judge_and_pdf.TestRegression" name="test_portfolio_reset_regression" time="0.061" /><testcase classname="tests.test_judge_and_pdf.TestPublicSnapshot" name="test_shape_contains_required_top_level_keys" time="11.019" /><testcase classname="tests.test_judge_and_pdf.TestPublicSnapshot" name="test_settings_contains_risk_thresholds_and_symbols" time="3.586" /><testcase classname="tests.test_judge_and_pdf.TestPublicSnapshot" name="test_api_keys_stripped_after_being_set" time="0.183" /><testcase classname="tests.test_judge_and_pdf.TestReportFullPdf" name="test_returns_valid_pdf" time="0.071" /><testcase classname="tests.test_judge_and_pdf.TestReportReasoningPdf" name="test_returns_valid_pdf_default" time="0.070" /><testcase classname="tests.test_judge_and_pdf.TestReportReasoningPdf" name="test_limit_param_accepted" time="0.069" /><testcase classname="tests.test_judge_and_pdf.TestReportReasoningPdf" name="test_limit_param_zero_or_high" time="0.126" /></testsuite></testsuites>